Using pre-set license
Built from '2021.2/staging' branch; Version is '2021.2.19f1 (602ecdbb2fb0) revision 6303437'; Using compiler version '192829333'; Build Type 'Release'
OS: 'Windows 10  (10.0.19044) 64bit Professional' Language: 'en' Physical Memory: 32615 MB
BatchMode: 1, IsHumanControllingUs: 0, StartBugReporterOnCrash: 0, Is64bit: 1, IsPro: 1

COMMAND LINE ARGUMENTS:
C:\Program Files\Unity\Hub\Editor\2021.2.19f1\Editor\Unity.exe
-adb2
-batchMode
-noUpm
-name
AssetImportWorker0
-projectPath
D:/code-work/unity-projects/personal/unity-2d/dungeon-escape
-logFile
Logs/AssetImportWorker0.log
-srvPort
62962
Successfully changed project path to: D:/code-work/unity-projects/personal/unity-2d/dungeon-escape
D:/code-work/unity-projects/personal/unity-2d/dungeon-escape
[UnityMemory] Configuration Parameters - Can be set up in boot.config
    "memorysetup-bucket-allocator-granularity=16"
    "memorysetup-bucket-allocator-bucket-count=8"
    "memorysetup-bucket-allocator-block-size=33554432"
    "memorysetup-bucket-allocator-block-count=8"
    "memorysetup-main-allocator-block-size=16777216"
    "memorysetup-thread-allocator-block-size=16777216"
    "memorysetup-gfx-main-allocator-block-size=16777216"
    "memorysetup-gfx-thread-allocator-block-size=16777216"
    "memorysetup-cache-allocator-block-size=4194304"
    "memorysetup-typetree-allocator-block-size=2097152"
    "memorysetup-profiler-bucket-allocator-granularity=16"
    "memorysetup-profiler-bucket-allocator-bucket-count=8"
    "memorysetup-profiler-bucket-allocator-block-size=33554432"
    "memorysetup-profiler-bucket-allocator-block-count=8"
    "memorysetup-profiler-allocator-block-size=16777216"
    "memorysetup-profiler-editor-allocator-block-size=1048576"
    "memorysetup-temp-allocator-size-main=16777216"
    "memorysetup-job-temp-allocator-block-size=2097152"
    "memorysetup-job-temp-allocator-block-size-background=1048576"
    "memorysetup-job-temp-allocator-reduction-small-platforms=262144"
    "memorysetup-temp-allocator-size-background-worker=32768"
    "memorysetup-temp-allocator-size-job-worker=262144"
    "memorysetup-temp-allocator-size-preload-manager=33554432"
    "memorysetup-temp-allocator-size-nav-mesh-worker=65536"
    "memorysetup-temp-allocator-size-audio-worker=65536"
    "memorysetup-temp-allocator-size-cloud-worker=32768"
    "memorysetup-temp-allocator-size-gi-baking-worker=262144"
    "memorysetup-temp-allocator-size-gfx=262144"
Refreshing native plugins compatible for Editor in 150.22 ms, found 4 plugins.
Preloading 0 native plugins for Editor in 0.00 ms.
Initialize engine version: 2021.2.19f1 (602ecdbb2fb0)
[Subsystems] Discovering subsystems at path C:/Program Files/Unity/Hub/Editor/2021.2.19f1/Editor/Data/Resources/UnitySubsystems
[Subsystems] Discovering subsystems at path D:/code-work/unity-projects/personal/unity-2d/dungeon-escape/Assets
GfxDevice: creating device client; threaded=0; jobified=0
Direct3D:
    Version:  Direct3D 11.0 [level 11.0]
    Renderer: NVIDIA Quadro M1000M (ID=0x13b1)
    Vendor:   NVIDIA
    VRAM:     4053 MB
    Driver:   27.21.14.5296
Initialize mono
Mono path[0] = 'C:/Program Files/Unity/Hub/Editor/2021.2.19f1/Editor/Data/Managed'
Mono path[1] = 'C:/Program Files/Unity/Hub/Editor/2021.2.19f1/Editor/Data/MonoBleedingEdge/lib/mono/unityjit-win32'
Mono config path = 'C:/Program Files/Unity/Hub/Editor/2021.2.19f1/Editor/Data/MonoBleedingEdge/etc'
Using monoOptions --debugger-agent=transport=dt_socket,embedding=1,server=y,suspend=n,address=127.0.0.1:56976
Begin MonoManager ReloadAssembly
Registering precompiled unity dll's ...
Register platform support module: C:/Program Files/Unity/Hub/Editor/2021.2.19f1/Editor/Data/PlaybackEngines/WebGLSupport/UnityEditor.WebGL.Extensions.dll
Register platform support module: C:/Program Files/Unity/Hub/Editor/2021.2.19f1/Editor/Data/PlaybackEngines/AndroidPlayer/UnityEditor.Android.Extensions.dll
Register platform support module: C:/Program Files/Unity/Hub/Editor/2021.2.19f1/Editor/Data/PlaybackEngines/WindowsStandaloneSupport/UnityEditor.WindowsStandalone.Extensions.dll
Registered in 0.015314 seconds.
Native extension for WindowsStandalone target not found
Native extension for Android target not found
Native extension for WebGL target not found
Refreshing native plugins compatible for Editor in 153.06 ms, found 4 plugins.
Preloading 0 native plugins for Editor in 0.00 ms.
Mono: successfully reloaded assembly
- Completed reload, in  1.098 seconds
Domain Reload Profiling:
	ReloadAssembly (1099ms)
		BeginReloadAssembly (131ms)
			ExecutionOrderSort (0ms)
			DisableScriptedObjects (0ms)
			BackupInstance (0ms)
			ReleaseScriptingObjects (0ms)
			CreateAndSetChildDomain (1ms)
		EndReloadAssembly (777ms)
			LoadAssemblies (129ms)
			RebuildTransferFunctionScriptingTraits (0ms)
			SetupTypeCache (169ms)
			ReleaseScriptCaches (0ms)
			RebuildScriptCaches (45ms)
			SetupLoadedEditorAssemblies (486ms)
				LogAssemblyErrors (0ms)
				InitializePlatformSupportModulesInManaged (89ms)
				SetLoadedEditorAssemblies (0ms)
				RefreshPlugins (153ms)
				BeforeProcessingInitializeOnLoad (2ms)
				ProcessInitializeOnLoadAttributes (159ms)
				ProcessInitializeOnLoadMethodAttributes (82ms)
				AfterProcessingInitializeOnLoad (0ms)
				EditorAssembliesLoaded (0ms)
			ExecutionOrderSort2 (0ms)
			AwakeInstancesAfterBackupRestoration (0ms)
Platform modules already initialized, skipping
Registering precompiled user dll's ...
Registered in 0.008166 seconds.
Begin MonoManager ReloadAssembly
Symbol file LoadedFromMemory doesn't match image D:\code-work\unity-projects\personal\unity-2d\dungeon-escape\Library\PackageCache\com.unity.visualscripting@1.7.6\Editor\VisualScripting.Core\Dependencies\YamlDotNet\Unity.VisualScripting.YamlDotNet.dll
Symbol file LoadedFromMemory is not a mono symbol file
Symbol file LoadedFromMemory doesn't match image D:\code-work\unity-projects\personal\unity-2d\dungeon-escape\Library\PackageCache\com.unity.visualscripting@1.7.6\Editor\VisualScripting.Core\Dependencies\DotNetZip\Unity.VisualScripting.IonicZip.dll
Native extension for WindowsStandalone target not found
Native extension for Android target not found
Native extension for WebGL target not found
Refreshing native plugins compatible for Editor in 162.68 ms, found 4 plugins.
Preloading 0 native plugins for Editor in 0.00 ms.
Mono: successfully reloaded assembly
- Completed reload, in  2.179 seconds
Domain Reload Profiling:
	ReloadAssembly (2180ms)
		BeginReloadAssembly (302ms)
			ExecutionOrderSort (0ms)
			DisableScriptedObjects (10ms)
			BackupInstance (0ms)
			ReleaseScriptingObjects (0ms)
			CreateAndSetChildDomain (130ms)
		EndReloadAssembly (1639ms)
			LoadAssemblies (173ms)
			RebuildTransferFunctionScriptingTraits (0ms)
			SetupTypeCache (411ms)
			ReleaseScriptCaches (1ms)
			RebuildScriptCaches (96ms)
			SetupLoadedEditorAssemblies (889ms)
				LogAssemblyErrors (0ms)
				InitializePlatformSupportModulesInManaged (24ms)
				SetLoadedEditorAssemblies (0ms)
				RefreshPlugins (163ms)
				BeforeProcessingInitializeOnLoad (149ms)
				ProcessInitializeOnLoadAttributes (427ms)
				ProcessInitializeOnLoadMethodAttributes (105ms)
				AfterProcessingInitializeOnLoad (21ms)
				EditorAssembliesLoaded (0ms)
			ExecutionOrderSort2 (0ms)
			AwakeInstancesAfterBackupRestoration (18ms)
Platform modules already initialized, skipping
========================================================================
Worker process is ready to serve import requests
Launched and connected shader compiler UnityShaderCompiler.exe after 0.11 seconds
Refreshing native plugins compatible for Editor in 1.06 ms, found 4 plugins.
Preloading 0 native plugins for Editor in 0.00 ms.
Unloading 4073 Unused Serialized files (Serialized files now loaded: 0)
Unloading 54 unused Assets / (296.2 KB). Loaded Objects now: 4526.
Memory consumption went from 153.6 MB to 153.3 MB.
Total: 5.455700 ms (FindLiveObjects: 0.483500 ms CreateObjectMapping: 0.416200 ms MarkObjects: 4.337900 ms  DeleteObjects: 0.216600 ms)

AssetImportParameters requested are different than current active one (requested -> active):
  custom:video-decoder-ogg-theora: a1e56fd34408186e4bbccfd4996cb3dc -> 
  custom:container-muxer-webm: aa71ff27fc2769a1b78a27578f13a17b -> 
  custom:container-demuxer-webm: 4f35f7cbe854078d1ac9338744f61a02 -> 
  custom:video-encoder-webm-vp8: eb34c28f22e8b96e1ab97ce403110664 -> 
  custom:audio-encoder-webm-vorbis: bf7c407c2cedff20999df2af8eb42d56 -> 
  custom:framework-win-MediaFoundation: 216162199b28c13a410421893ffa2e32 -> 
  custom:container-demuxer-ogg: 62fdf1f143b41e24485cea50d1cbac27 -> 
  custom:video-decoder-webm-vp8: 9c59270c3fd7afecdb556c50c9e8de78 -> 
  custom:audio-decoder-ogg-vorbis: bf7c407c2cedff20999df2af8eb42d56 -> 
========================================================================
Received Import Request.
  Time since last request: 1371323.819305 seconds.
  path: Assets/Timemaps/Palettes
  artifactKey: Guid(95ff793008face241a82fa41d3bfe617) Importer(815301076,1909f56bfc062723c751e8b465ee728b)
Start importing Assets/Timemaps/Palettes using Guid(95ff793008face241a82fa41d3bfe617) Importer(815301076,1909f56bfc062723c751e8b465ee728b)  -> (artifact id: '610785f325c92f200e161be2438e06da') in 0.014379 seconds 
========================================================================
Received Import Request.
  Time since last request: 0.026890 seconds.
  path: Assets/Timemaps/Palettes/Ground Tiles Palette.prefab
  artifactKey: Guid(38806483afc414a4e8b29d194f46cb82) Importer(815301076,1909f56bfc062723c751e8b465ee728b)
Start importing Assets/Timemaps/Palettes/Ground Tiles Palette.prefab using Guid(38806483afc414a4e8b29d194f46cb82) Importer(815301076,1909f56bfc062723c751e8b465ee728b)  -> (artifact id: '45c77bb5ac6b42d95d333164b4c37fb3') in 0.202505 seconds 
========================================================================
Received Import Request.
  Time since last request: 14.514045 seconds.
  path: Assets/AssetsImport/Dummy_Sprites_Course_3/Environment/Level/Ground.png
  artifactKey: Guid(9147ad4ae8657b547b738e15c81b6870) Importer(815301076,1909f56bfc062723c751e8b465ee728b)
Start importing Assets/AssetsImport/Dummy_Sprites_Course_3/Environment/Level/Ground.png using Guid(9147ad4ae8657b547b738e15c81b6870) Importer(815301076,1909f56bfc062723c751e8b465ee728b)  -> (artifact id: '8d5861eb0be76a2d0662a890d3357120') in 0.209161 seconds 
========================================================================
Received Import Request.
  Time since last request: 10.715031 seconds.
  path: Assets/AssetsImport/Dummy_Sprites_Course_3/Environment/Level/Ground.png
  artifactKey: Guid(9147ad4ae8657b547b738e15c81b6870) Importer(815301076,1909f56bfc062723c751e8b465ee728b)
Start importing Assets/AssetsImport/Dummy_Sprites_Course_3/Environment/Level/Ground.png using Guid(9147ad4ae8657b547b738e15c81b6870) Importer(815301076,1909f56bfc062723c751e8b465ee728b)  -> (artifact id: '0775ba1d4065353dc91f0f3ae6116d4d') in 0.018071 seconds 
========================================================================
Received Import Request.
  Time since last request: 21.903161 seconds.
  path: Assets/AssetsImport/Dummy_Sprites_Course_3/Environment/Level/Ground.png
  artifactKey: Guid(9147ad4ae8657b547b738e15c81b6870) Importer(815301076,1909f56bfc062723c751e8b465ee728b)
Start importing Assets/AssetsImport/Dummy_Sprites_Course_3/Environment/Level/Ground.png using Guid(9147ad4ae8657b547b738e15c81b6870) Importer(815301076,1909f56bfc062723c751e8b465ee728b)  -> (artifact id: '999305ce05e7cc763a0555972f847bc4') in 0.284065 seconds 
========================================================================
Received Import Request.
  Time since last request: 129.469900 seconds.
  path: Assets/Timemaps/Tiles/Ground Tiles
  artifactKey: Guid(b48b282ff574b2c4dbdfd14b150d1e37) Importer(815301076,1909f56bfc062723c751e8b465ee728b)
Start importing Assets/Timemaps/Tiles/Ground Tiles using Guid(b48b282ff574b2c4dbdfd14b150d1e37) Importer(815301076,1909f56bfc062723c751e8b465ee728b)  -> (artifact id: '73ffff49bc30c17189a0b04a12b3bceb') in 0.013256 seconds 
========================================================================
Received Import Request.
  Time since last request: 0.022169 seconds.
  path: Assets/Timemaps/Tiles/Ground Tiles/Ground_0.asset
  artifactKey: Guid(5d047cd72a9c69143973664cd59b1e15) Importer(815301076,1909f56bfc062723c751e8b465ee728b)
Start importing Assets/Timemaps/Tiles/Ground Tiles/Ground_0.asset using Guid(5d047cd72a9c69143973664cd59b1e15) Importer(815301076,1909f56bfc062723c751e8b465ee728b)  -> (artifact id: '44265ead133e4a8d127e82116803c6aa') in 0.043515 seconds 
========================================================================
Received Import Request.
  Time since last request: 0.000133 seconds.
  path: Assets/Timemaps/Tiles/Ground Tiles/Ground_16.asset
  artifactKey: Guid(78e8eafad4cd11740b676503d954bd86) Importer(815301076,1909f56bfc062723c751e8b465ee728b)
Start importing Assets/Timemaps/Tiles/Ground Tiles/Ground_16.asset using Guid(78e8eafad4cd11740b676503d954bd86) Importer(815301076,1909f56bfc062723c751e8b465ee728b)  -> (artifact id: '211b69f24fe69a9013664853f078ab9b') in 0.049075 seconds 
========================================================================
Received Import Request.
  Time since last request: 0.000053 seconds.
  path: Assets/Timemaps/Tiles/Ground Tiles/Ground_5.asset
  artifactKey: Guid(023246f6f3762d84f8e9d164047d08ad) Importer(815301076,1909f56bfc062723c751e8b465ee728b)
Start importing Assets/Timemaps/Tiles/Ground Tiles/Ground_5.asset using Guid(023246f6f3762d84f8e9d164047d08ad) Importer(815301076,1909f56bfc062723c751e8b465ee728b)  -> (artifact id: 'bd2c40c8becce3693910f6030b07a0cc') in 0.032696 seconds 
========================================================================
Received Import Request.
  Time since last request: 0.000121 seconds.
  path: Assets/Timemaps/Tiles/Ground Tiles/Ground_48.asset
  artifactKey: Guid(bdd6ce73e478d42448b609ae3508ce8e) Importer(815301076,1909f56bfc062723c751e8b465ee728b)
Start importing Assets/Timemaps/Tiles/Ground Tiles/Ground_48.asset using Guid(bdd6ce73e478d42448b609ae3508ce8e) Importer(815301076,1909f56bfc062723c751e8b465ee728b)  -> (artifact id: '81dc4b7a9e536e3eec0a61dae7fdd995') in 0.035027 seconds 
========================================================================
Received Import Request.
  Time since last request: 0.000125 seconds.
  path: Assets/Timemaps/Tiles/Ground Tiles/Ground_42.asset
  artifactKey: Guid(4237865898d5d9546a7eafff89695907) Importer(815301076,1909f56bfc062723c751e8b465ee728b)
Start importing Assets/Timemaps/Tiles/Ground Tiles/Ground_42.asset using Guid(4237865898d5d9546a7eafff89695907) Importer(815301076,1909f56bfc062723c751e8b465ee728b)  -> (artifact id: 'db3990e469e6e5ad140ad9174ba36413') in 0.021062 seconds 
========================================================================
Received Import Request.
  Time since last request: 0.000083 seconds.
  path: Assets/Timemaps/Tiles/Ground Tiles/Ground_32.asset
  artifactKey: Guid(5090cea8006dcdd4ea7957f5438821b6) Importer(815301076,1909f56bfc062723c751e8b465ee728b)
Start importing Assets/Timemaps/Tiles/Ground Tiles/Ground_32.asset using Guid(5090cea8006dcdd4ea7957f5438821b6) Importer(815301076,1909f56bfc062723c751e8b465ee728b)  -> (artifact id: 'db0cea139b5f8e7e1ec3ecd8487f6596') in 0.030178 seconds 
========================================================================
Received Import Request.
  Time since last request: 0.000037 seconds.
  path: Assets/Timemaps/Tiles/Ground Tiles/Ground_14.asset
  artifactKey: Guid(c3879040f0281594a9005f8f2931756e) Importer(815301076,1909f56bfc062723c751e8b465ee728b)
Start importing Assets/Timemaps/Tiles/Ground Tiles/Ground_14.asset using Guid(c3879040f0281594a9005f8f2931756e) Importer(815301076,1909f56bfc062723c751e8b465ee728b)  -> (artifact id: '6dc662e18265e8205421ffebcf4ccc33') in 0.035532 seconds 
========================================================================
Received Import Request.
  Time since last request: 0.000061 seconds.
  path: Assets/Timemaps/Tiles/Ground Tiles/Ground_10.asset
  artifactKey: Guid(2a7ff65c6faa4174287bc11a49243f93) Importer(815301076,1909f56bfc062723c751e8b465ee728b)
Start importing Assets/Timemaps/Tiles/Ground Tiles/Ground_10.asset using Guid(2a7ff65c6faa4174287bc11a49243f93) Importer(815301076,1909f56bfc062723c751e8b465ee728b)  -> (artifact id: '8b1e4bd42b3c49b8fec57b96b7d4cf26') in 0.028733 seconds 
========================================================================
Received Import Request.
  Time since last request: 0.000074 seconds.
  path: Assets/Timemaps/Tiles/Ground Tiles/Ground_6.asset
  artifactKey: Guid(d3cd509dde0302f4b90dc1e08f31ed80) Importer(815301076,1909f56bfc062723c751e8b465ee728b)
Start importing Assets/Timemaps/Tiles/Ground Tiles/Ground_6.asset using Guid(d3cd509dde0302f4b90dc1e08f31ed80) Importer(815301076,1909f56bfc062723c751e8b465ee728b)  -> (artifact id: '9e09a82a16e354f83ea0fe0780619b4a') in 0.041698 seconds 
========================================================================
Received Import Request.
  Time since last request: 0.000054 seconds.
  path: Assets/Timemaps/Tiles/Ground Tiles/Ground_37.asset
  artifactKey: Guid(bfd0bc54b7fcdef4581bd5f928657b22) Importer(815301076,1909f56bfc062723c751e8b465ee728b)
Start importing Assets/Timemaps/Tiles/Ground Tiles/Ground_37.asset using Guid(bfd0bc54b7fcdef4581bd5f928657b22) Importer(815301076,1909f56bfc062723c751e8b465ee728b)  -> (artifact id: '16a9655b58a1dc3ca8be741f416dde98') in 0.038720 seconds 
========================================================================
Received Import Request.
  Time since last request: 0.000088 seconds.
  path: Assets/Timemaps/Tiles/Ground Tiles/Ground_20.asset
  artifactKey: Guid(d29bcad9e151c2f4492a40354fd38b33) Importer(815301076,1909f56bfc062723c751e8b465ee728b)
Start importing Assets/Timemaps/Tiles/Ground Tiles/Ground_20.asset using Guid(d29bcad9e151c2f4492a40354fd38b33) Importer(815301076,1909f56bfc062723c751e8b465ee728b)  -> (artifact id: 'dfd9b2a73f3a648e5d26ffd13ec66d7e') in 0.028621 seconds 
========================================================================
Received Import Request.
  Time since last request: 0.000045 seconds.
  path: Assets/Timemaps/Tiles/Ground Tiles/Ground_8.asset
  artifactKey: Guid(cb37dc6543abc88409ac0ac6f56e5061) Importer(815301076,1909f56bfc062723c751e8b465ee728b)
Start importing Assets/Timemaps/Tiles/Ground Tiles/Ground_8.asset using Guid(cb37dc6543abc88409ac0ac6f56e5061) Importer(815301076,1909f56bfc062723c751e8b465ee728b)  -> (artifact id: 'eea285e8bc35795d65a47b71877ee2d8') in 0.043544 seconds 
========================================================================
Received Import Request.
  Time since last request: 0.000044 seconds.
  path: Assets/Timemaps/Tiles/Ground Tiles/Ground_13.asset
  artifactKey: Guid(be4a40890e1c8994390030d7429eed39) Importer(815301076,1909f56bfc062723c751e8b465ee728b)
Start importing Assets/Timemaps/Tiles/Ground Tiles/Ground_13.asset using Guid(be4a40890e1c8994390030d7429eed39) Importer(815301076,1909f56bfc062723c751e8b465ee728b)  -> (artifact id: '93b9140ade1d05b9197d500dfbe04998') in 0.042409 seconds 
========================================================================
Received Import Request.
  Time since last request: 0.000054 seconds.
  path: Assets/Timemaps/Tiles/Ground Tiles/Ground_2.asset
  artifactKey: Guid(828403aee0c7e7d4faae912805b49f5f) Importer(815301076,1909f56bfc062723c751e8b465ee728b)
Start importing Assets/Timemaps/Tiles/Ground Tiles/Ground_2.asset using Guid(828403aee0c7e7d4faae912805b49f5f) Importer(815301076,1909f56bfc062723c751e8b465ee728b)  -> (artifact id: '183ac8f17a3c5d86818fc34d26515c97') in 0.034510 seconds 
========================================================================
Received Import Request.
  Time since last request: 0.000043 seconds.
  path: Assets/Timemaps/Tiles/Ground Tiles/Ground_12.asset
  artifactKey: Guid(87cc0736f2553b64b87ecd67ad297683) Importer(815301076,1909f56bfc062723c751e8b465ee728b)
Start importing Assets/Timemaps/Tiles/Ground Tiles/Ground_12.asset using Guid(87cc0736f2553b64b87ecd67ad297683) Importer(815301076,1909f56bfc062723c751e8b465ee728b)  -> (artifact id: '0998af73dcd0213c36552d2c9b65bd04') in 0.033228 seconds 
========================================================================
Received Import Request.
  Time since last request: 0.000063 seconds.
  path: Assets/Timemaps/Tiles/Ground Tiles/Ground_19.asset
  artifactKey: Guid(6c81b35e69003a849902a208f057e455) Importer(815301076,1909f56bfc062723c751e8b465ee728b)
Start importing Assets/Timemaps/Tiles/Ground Tiles/Ground_19.asset using Guid(6c81b35e69003a849902a208f057e455) Importer(815301076,1909f56bfc062723c751e8b465ee728b)  -> (artifact id: 'd8d93c03cb54799d88a2bee1f2cf4335') in 0.040967 seconds 
========================================================================
Received Import Request.
  Time since last request: 0.000036 seconds.
  path: Assets/Timemaps/Tiles/Ground Tiles/Ground_15.asset
  artifactKey: Guid(49aaa3a44178c934eac254914c679cb2) Importer(815301076,1909f56bfc062723c751e8b465ee728b)
Start importing Assets/Timemaps/Tiles/Ground Tiles/Ground_15.asset using Guid(49aaa3a44178c934eac254914c679cb2) Importer(815301076,1909f56bfc062723c751e8b465ee728b)  -> (artifact id: '3e0893efd3daad9ab7c236fa65e9402f') in 0.020773 seconds 
========================================================================
Received Import Request.
  Time since last request: 0.000052 seconds.
  path: Assets/Timemaps/Tiles/Ground Tiles/Ground_33.asset
  artifactKey: Guid(4b12fc208622ef94fabfc107e0aff57e) Importer(815301076,1909f56bfc062723c751e8b465ee728b)
Start importing Assets/Timemaps/Tiles/Ground Tiles/Ground_33.asset using Guid(4b12fc208622ef94fabfc107e0aff57e) Importer(815301076,1909f56bfc062723c751e8b465ee728b)  -> (artifact id: '36a13942ebab1b6af5bdcffac2a9ae43') in 0.029816 seconds 
========================================================================
Received Import Request.
  Time since last request: 0.000133 seconds.
  path: Assets/Timemaps/Tiles/Ground Tiles/Ground_45.asset
  artifactKey: Guid(a4304b49d94f1b14f8273c366230ad60) Importer(815301076,1909f56bfc062723c751e8b465ee728b)
Start importing Assets/Timemaps/Tiles/Ground Tiles/Ground_45.asset using Guid(a4304b49d94f1b14f8273c366230ad60) Importer(815301076,1909f56bfc062723c751e8b465ee728b)  -> (artifact id: 'b25aee28ff4fc059e6fac712c78bcb44') in 0.039880 seconds 
========================================================================
Received Import Request.
  Time since last request: 0.000098 seconds.
  path: Assets/Timemaps/Tiles/Ground Tiles/Ground_43.asset
  artifactKey: Guid(7f026a410f8eb8a45a433276246b8585) Importer(815301076,1909f56bfc062723c751e8b465ee728b)
Start importing Assets/Timemaps/Tiles/Ground Tiles/Ground_43.asset using Guid(7f026a410f8eb8a45a433276246b8585) Importer(815301076,1909f56bfc062723c751e8b465ee728b)  -> (artifact id: '82134f5549106554d86797814456df99') in 0.035739 seconds 
========================================================================
Received Import Request.
  Time since last request: 0.000057 seconds.
  path: Assets/Timemaps/Tiles/Ground Tiles/Ground_4.asset
  artifactKey: Guid(e3cdfc479193c674997a05c0c14060f9) Importer(815301076,1909f56bfc062723c751e8b465ee728b)
Start importing Assets/Timemaps/Tiles/Ground Tiles/Ground_4.asset using Guid(e3cdfc479193c674997a05c0c14060f9) Importer(815301076,1909f56bfc062723c751e8b465ee728b)  -> (artifact id: '2f2bb3a3cd11f82642511d82c241e772') in 0.031053 seconds 
========================================================================
Received Import Request.
  Time since last request: 0.000029 seconds.
  path: Assets/Timemaps/Tiles/Ground Tiles/Ground_35.asset
  artifactKey: Guid(84a48880437ffa94f984dcc5fbe37af2) Importer(815301076,1909f56bfc062723c751e8b465ee728b)
Start importing Assets/Timemaps/Tiles/Ground Tiles/Ground_35.asset using Guid(84a48880437ffa94f984dcc5fbe37af2) Importer(815301076,1909f56bfc062723c751e8b465ee728b)  -> (artifact id: '015ecb0c3134238102ff4c91fef1436e') in 0.045117 seconds 
========================================================================
Received Import Request.
  Time since last request: 0.000057 seconds.
  path: Assets/Timemaps/Tiles/Ground Tiles/Ground_30.asset
  artifactKey: Guid(4002f0f2b350596438a7a6325f0fe3d2) Importer(815301076,1909f56bfc062723c751e8b465ee728b)
Start importing Assets/Timemaps/Tiles/Ground Tiles/Ground_30.asset using Guid(4002f0f2b350596438a7a6325f0fe3d2) Importer(815301076,1909f56bfc062723c751e8b465ee728b)  -> (artifact id: '154455c8df62e2bca2b0976475ab06fd') in 0.025284 seconds 
========================================================================
Received Import Request.
  Time since last request: 0.000037 seconds.
  path: Assets/Timemaps/Tiles/Ground Tiles/Ground_41.asset
  artifactKey: Guid(d883b32168d7401479b89e763aa80a7c) Importer(815301076,1909f56bfc062723c751e8b465ee728b)
Start importing Assets/Timemaps/Tiles/Ground Tiles/Ground_41.asset using Guid(d883b32168d7401479b89e763aa80a7c) Importer(815301076,1909f56bfc062723c751e8b465ee728b)  -> (artifact id: '1c917f7f2b919d9dadc443929aeaf231') in 0.040029 seconds 
========================================================================
Received Import Request.
  Time since last request: 0.000047 seconds.
  path: Assets/Timemaps/Tiles/Ground Tiles/Ground_46.asset
  artifactKey: Guid(9dabd1722ac689b4b903d53fff0ce0c3) Importer(815301076,1909f56bfc062723c751e8b465ee728b)
Start importing Assets/Timemaps/Tiles/Ground Tiles/Ground_46.asset using Guid(9dabd1722ac689b4b903d53fff0ce0c3) Importer(815301076,1909f56bfc062723c751e8b465ee728b)  -> (artifact id: 'a05ae9cfe8044cf904680e001a059e7c') in 0.022932 seconds 
========================================================================
Received Import Request.
  Time since last request: 109.794491 seconds.
  path: Assets/Sprites
  artifactKey: Guid(e567f5753fa923f4681ae7e7e9037afa) Importer(815301076,1909f56bfc062723c751e8b465ee728b)
Start importing Assets/Sprites using Guid(e567f5753fa923f4681ae7e7e9037afa) Importer(815301076,1909f56bfc062723c751e8b465ee728b)  -> (artifact id: 'fb417f74756a9cc927d3d8b28944e4d3') in 0.008674 seconds 
========================================================================
Received Import Request.
  Time since last request: 32.657563 seconds.
  path: Assets/Timemaps/Rule Tiles
  artifactKey: Guid(53d6e24ed4299344784b0a12c13d9556) Importer(815301076,1909f56bfc062723c751e8b465ee728b)
Start importing Assets/Timemaps/Rule Tiles using Guid(53d6e24ed4299344784b0a12c13d9556) Importer(815301076,1909f56bfc062723c751e8b465ee728b)  -> (artifact id: 'add119a804c3c93d87ae040440f4a33f') in 0.006813 seconds 
========================================================================
Received Import Request.
  Time since last request: 13.240764 seconds.
  path: Assets/Timemaps/Rule Tiles/Ground Rule Tile.asset
  artifactKey: Guid(6ee1baf9619158048a78a52e6920765a) Importer(815301076,1909f56bfc062723c751e8b465ee728b)
Start importing Assets/Timemaps/Rule Tiles/Ground Rule Tile.asset using Guid(6ee1baf9619158048a78a52e6920765a) Importer(815301076,1909f56bfc062723c751e8b465ee728b)  -> (artifact id: 'ecb1a4287a9fe165a417ebbac3450683') in 0.018032 seconds 
========================================================================
Received Import Request.
  Time since last request: 728.391414 seconds.
  path: Assets/Timemaps/Rule Tiles/Ground Rule Tile.asset
  artifactKey: Guid(6ee1baf9619158048a78a52e6920765a) Importer(815301076,1909f56bfc062723c751e8b465ee728b)
Start importing Assets/Timemaps/Rule Tiles/Ground Rule Tile.asset using Guid(6ee1baf9619158048a78a52e6920765a) Importer(815301076,1909f56bfc062723c751e8b465ee728b)  -> (artifact id: 'd7f05a702800af8c62fabc38b8a2fee1') in 0.024843 seconds 
========================================================================
Received Import Request.
  Time since last request: 131.865373 seconds.
  path: Assets/Timemaps/Rule Tiles/Ground Rule Tile.asset
  artifactKey: Guid(6ee1baf9619158048a78a52e6920765a) Importer(815301076,1909f56bfc062723c751e8b465ee728b)
Start importing Assets/Timemaps/Rule Tiles/Ground Rule Tile.asset using Guid(6ee1baf9619158048a78a52e6920765a) Importer(815301076,1909f56bfc062723c751e8b465ee728b)  -> (artifact id: '73675caa1fee429f5a0d3621e3ed6c92') in 0.018055 seconds 
========================================================================
Received Import Request.
  Time since last request: 1141.240370 seconds.
  path: Assets/Timemaps/Rule Tiles/Ground Rule Tile.asset
  artifactKey: Guid(6ee1baf9619158048a78a52e6920765a) Importer(815301076,1909f56bfc062723c751e8b465ee728b)
Start importing Assets/Timemaps/Rule Tiles/Ground Rule Tile.asset using Guid(6ee1baf9619158048a78a52e6920765a) Importer(815301076,1909f56bfc062723c751e8b465ee728b)  -> (artifact id: 'ae3d5599f56d41df93469ff9e6f03c0a') in 0.016669 seconds 
========================================================================
Received Import Request.
  Time since last request: 483.230440 seconds.
  path: Assets/AssetsImport/Dummy_Sprites_Course_3/Environment/Black_Cave/Black.png
  artifactKey: Guid(7c4b506b7c548a54aaca54f1879db34c) Importer(815301076,1909f56bfc062723c751e8b465ee728b)
Start importing Assets/AssetsImport/Dummy_Sprites_Course_3/Environment/Black_Cave/Black.png using Guid(7c4b506b7c548a54aaca54f1879db34c) Importer(815301076,1909f56bfc062723c751e8b465ee728b)  -> (artifact id: '8f8642c83170666cbac9f941ae1dc48b') in 0.040465 seconds 
========================================================================
Received Import Request.
  Time since last request: 0.000044 seconds.
  path: Assets/AssetsImport/Dummy_Sprites_Course_3/Environment/Black_Cave/Cave_Details.png
  artifactKey: Guid(2a19484d64bf15243a203c89ea5d643e) Importer(815301076,1909f56bfc062723c751e8b465ee728b)
Start importing Assets/AssetsImport/Dummy_Sprites_Course_3/Environment/Black_Cave/Cave_Details.png using Guid(2a19484d64bf15243a203c89ea5d643e) Importer(815301076,1909f56bfc062723c751e8b465ee728b)  -> (artifact id: 'e32c0ae54c1619abd8b23d4af10329a5') in 0.206737 seconds 
========================================================================
Received Import Request.
  Time since last request: 9.450274 seconds.
  path: Assets/AssetsImport/Dummy_Sprites_Course_3/Environment/Far_Cavern/Far_Cavern.jpg
  artifactKey: Guid(01de934f9f74a7646a99097b571a57ce) Importer(815301076,1909f56bfc062723c751e8b465ee728b)
Start importing Assets/AssetsImport/Dummy_Sprites_Course_3/Environment/Far_Cavern/Far_Cavern.jpg using Guid(01de934f9f74a7646a99097b571a57ce) Importer(815301076,1909f56bfc062723c751e8b465ee728b)  -> (artifact id: 'a78ca842a5566f894337c61075db70fd') in 0.134522 seconds 
========================================================================
Received Import Request.
  Time since last request: 4.392499 seconds.
  path: Assets/AssetsImport/Dummy_Sprites_Course_3/Environment/Grey_Cavern/Grey_Cavern.png
  artifactKey: Guid(747f25e5b4f0ed34781b3364c07ef750) Importer(815301076,1909f56bfc062723c751e8b465ee728b)
Start importing Assets/AssetsImport/Dummy_Sprites_Course_3/Environment/Grey_Cavern/Grey_Cavern.png using Guid(747f25e5b4f0ed34781b3364c07ef750) Importer(815301076,1909f56bfc062723c751e8b465ee728b)  -> (artifact id: 'af43b474437f95e09ed2d91c1d4b1bd8') in 0.336298 seconds 
========================================================================
Received Import Request.
  Time since last request: 17.299871 seconds.
  path: Assets/Sprites/Black_Cavern_2.png
  artifactKey: Guid(3cef57d038074e84ba9ddec58094fe54) Importer(815301076,1909f56bfc062723c751e8b465ee728b)
Start importing Assets/Sprites/Black_Cavern_2.png using Guid(3cef57d038074e84ba9ddec58094fe54) Importer(815301076,1909f56bfc062723c751e8b465ee728b)  -> (artifact id: 'cf61c3f3b3e225ac61fed036d2997ddb') in 0.016223 seconds 
========================================================================
Received Import Request.
  Time since last request: 20.080112 seconds.
  path: Assets/Sprites/Black_Cavern_2.png
  artifactKey: Guid(3cef57d038074e84ba9ddec58094fe54) Importer(815301076,1909f56bfc062723c751e8b465ee728b)
Start importing Assets/Sprites/Black_Cavern_2.png using Guid(3cef57d038074e84ba9ddec58094fe54) Importer(815301076,1909f56bfc062723c751e8b465ee728b)  -> (artifact id: '5ffed505edd7dda4503bd0ae7ca0d0ed') in 0.374539 seconds 
========================================================================
Received Import Request.
  Time since last request: 41.243456 seconds.
  path: Assets/Sprites/Black_Cavern_2.png
  artifactKey: Guid(3cef57d038074e84ba9ddec58094fe54) Importer(815301076,1909f56bfc062723c751e8b465ee728b)
Start importing Assets/Sprites/Black_Cavern_2.png using Guid(3cef57d038074e84ba9ddec58094fe54) Importer(815301076,1909f56bfc062723c751e8b465ee728b)  -> (artifact id: 'dd00576f04ca45234ed18ced5d825b22') in 0.357029 seconds 
========================================================================
Received Import Request.
  Time since last request: 31.092363 seconds.
  path: Assets/Sprites/Far_Cavern.jpg
  artifactKey: Guid(01de934f9f74a7646a99097b571a57ce) Importer(815301076,1909f56bfc062723c751e8b465ee728b)
Start importing Assets/Sprites/Far_Cavern.jpg using Guid(01de934f9f74a7646a99097b571a57ce) Importer(815301076,1909f56bfc062723c751e8b465ee728b)  -> (artifact id: 'ff88b99b9f7da337a1b0407708b36154') in 0.017850 seconds 
========================================================================
Received Import Request.
  Time since last request: 10.506670 seconds.
  path: Assets/Sprites/Far_Cavern.jpg
  artifactKey: Guid(01de934f9f74a7646a99097b571a57ce) Importer(815301076,1909f56bfc062723c751e8b465ee728b)
Start importing Assets/Sprites/Far_Cavern.jpg using Guid(01de934f9f74a7646a99097b571a57ce) Importer(815301076,1909f56bfc062723c751e8b465ee728b)  -> (artifact id: 'bf8c825f05e1b5eae9f364c69b357824') in 0.195330 seconds 
========================================================================
Received Import Request.
  Time since last request: 82.368870 seconds.
  path: Assets/Sprites/Far_Cavern.jpg
  artifactKey: Guid(01de934f9f74a7646a99097b571a57ce) Importer(815301076,1909f56bfc062723c751e8b465ee728b)
Start importing Assets/Sprites/Far_Cavern.jpg using Guid(01de934f9f74a7646a99097b571a57ce) Importer(815301076,1909f56bfc062723c751e8b465ee728b)  -> (artifact id: '338cfa150df1fcc7e0b9804cfd23c39b') in 0.185299 seconds 
========================================================================
Received Import Request.
  Time since last request: 7.593070 seconds.
  path: Assets/Sprites/Far_Cavern.jpg
  artifactKey: Guid(01de934f9f74a7646a99097b571a57ce) Importer(815301076,1909f56bfc062723c751e8b465ee728b)
Start importing Assets/Sprites/Far_Cavern.jpg using Guid(01de934f9f74a7646a99097b571a57ce) Importer(815301076,1909f56bfc062723c751e8b465ee728b)  -> (artifact id: 'f7e23769acadba5fe8bf6843828b803e') in 0.182818 seconds 
========================================================================
Received Import Request.
  Time since last request: 8.034145 seconds.
  path: Assets/Sprites/Far_Cavern.jpg
  artifactKey: Guid(01de934f9f74a7646a99097b571a57ce) Importer(815301076,1909f56bfc062723c751e8b465ee728b)
Start importing Assets/Sprites/Far_Cavern.jpg using Guid(01de934f9f74a7646a99097b571a57ce) Importer(815301076,1909f56bfc062723c751e8b465ee728b)  -> (artifact id: 'fb3300b0dd7db4e13f58fbc5674fecd2') in 0.205766 seconds 
========================================================================
Received Import Request.
  Time since last request: 12.541211 seconds.
  path: Assets/Sprites/Far_Cavern.jpg
  artifactKey: Guid(01de934f9f74a7646a99097b571a57ce) Importer(815301076,1909f56bfc062723c751e8b465ee728b)
Start importing Assets/Sprites/Far_Cavern.jpg using Guid(01de934f9f74a7646a99097b571a57ce) Importer(815301076,1909f56bfc062723c751e8b465ee728b)  -> (artifact id: '4ae07a9ca3e78a8bb9991cf583fc6a3a') in 0.187453 seconds 
========================================================================
Received Import Request.
  Time since last request: 72.465278 seconds.
  path: Assets/Timemaps/Rule Tiles/Black Cavern Rule Tile.asset
  artifactKey: Guid(d4e9d46ecd333514aab8707c39901f78) Importer(815301076,1909f56bfc062723c751e8b465ee728b)
Start importing Assets/Timemaps/Rule Tiles/Black Cavern Rule Tile.asset using Guid(d4e9d46ecd333514aab8707c39901f78) Importer(815301076,1909f56bfc062723c751e8b465ee728b)  -> (artifact id: 'e4dd942c0cf0912ff7a963343851f5f7') in 0.010006 seconds 
========================================================================
Received Import Request.
  Time since last request: 11.102198 seconds.
  path: Assets/Timemaps/Rule Tiles/Gray Cavern Rule Tile.asset
  artifactKey: Guid(f9fd05314030898459695322112d3149) Importer(815301076,1909f56bfc062723c751e8b465ee728b)
Start importing Assets/Timemaps/Rule Tiles/Gray Cavern Rule Tile.asset using Guid(f9fd05314030898459695322112d3149) Importer(815301076,1909f56bfc062723c751e8b465ee728b)  -> (artifact id: '6c7b9ed31ba8b8beef4abbf4ee6024b8') in 0.008801 seconds 
========================================================================
Received Import Request.
  Time since last request: 12.491195 seconds.
  path: Assets/Timemaps/Rule Tiles/Far Cavern Rule Tile.asset
  artifactKey: Guid(0faca22c63975724ea1471649cdd92eb) Importer(815301076,1909f56bfc062723c751e8b465ee728b)
Start importing Assets/Timemaps/Rule Tiles/Far Cavern Rule Tile.asset using Guid(0faca22c63975724ea1471649cdd92eb) Importer(815301076,1909f56bfc062723c751e8b465ee728b)  -> (artifact id: '8a09e75dbc23a252b887e3a689405020') in 0.009284 seconds 
========================================================================
Received Import Request.
  Time since last request: 33.938930 seconds.
  path: Assets/Timemaps/Rule Tiles/Black Cavern Rule Tile.asset
  artifactKey: Guid(d4e9d46ecd333514aab8707c39901f78) Importer(815301076,1909f56bfc062723c751e8b465ee728b)
Start importing Assets/Timemaps/Rule Tiles/Black Cavern Rule Tile.asset using Guid(d4e9d46ecd333514aab8707c39901f78) Importer(815301076,1909f56bfc062723c751e8b465ee728b)  -> (artifact id: 'bfe62eff744a51b0fc8b87165e7e6bf3') in 0.015383 seconds 
========================================================================
Received Import Request.
  Time since last request: 105.136691 seconds.
  path: Assets/AssetsImport/Dummy_Sprites_Course_3/Environment/Vegetation/Vegetation.png
  artifactKey: Guid(aa799cea6ac955749bb0902b76321781) Importer(815301076,1909f56bfc062723c751e8b465ee728b)
Start importing Assets/AssetsImport/Dummy_Sprites_Course_3/Environment/Vegetation/Vegetation.png using Guid(aa799cea6ac955749bb0902b76321781) Importer(815301076,1909f56bfc062723c751e8b465ee728b)  -> (artifact id: 'c783e818b04193b663505e13bce41f40') in 0.192477 seconds 
========================================================================
Received Import Request.
  Time since last request: 1185.751537 seconds.
  path: Assets/AssetsImport/Dummy_Sprites_Course_3/Environment/Foreground_Elements/Foreground_Elements.png
  artifactKey: Guid(a428de0ec49bbc64cbeec16ca98e4574) Importer(815301076,1909f56bfc062723c751e8b465ee728b)
Start importing Assets/AssetsImport/Dummy_Sprites_Course_3/Environment/Foreground_Elements/Foreground_Elements.png using Guid(a428de0ec49bbc64cbeec16ca98e4574) Importer(815301076,1909f56bfc062723c751e8b465ee728b)  -> (artifact id: '9eec31a8c62bb95f8cb58f6ae8b45bb5') in 0.190340 seconds 
========================================================================
Received Import Request.
  Time since last request: 32.753937 seconds.
  path: Assets/AssetsImport/Dummy_Sprites_Course_3/Environment/Gate/Gate.png
  artifactKey: Guid(621db3113ddeb4e5891180a1eab2d4e6) Importer(815301076,1909f56bfc062723c751e8b465ee728b)
Start importing Assets/AssetsImport/Dummy_Sprites_Course_3/Environment/Gate/Gate.png using Guid(621db3113ddeb4e5891180a1eab2d4e6) Importer(815301076,1909f56bfc062723c751e8b465ee728b)  -> (artifact id: '4470e8eadd27d29f211f1fefab63a0fa') in 0.097588 seconds 
========================================================================
Received Import Request.
  Time since last request: 43.635103 seconds.
  path: Assets/AssetsImport/Dummy_Sprites_Course_3/Environment/Lighting/Lighting.png
  artifactKey: Guid(9f6b0fe149b8a894f8ee1aa3829683bf) Importer(815301076,1909f56bfc062723c751e8b465ee728b)
Start importing Assets/AssetsImport/Dummy_Sprites_Course_3/Environment/Lighting/Lighting.png using Guid(9f6b0fe149b8a894f8ee1aa3829683bf) Importer(815301076,1909f56bfc062723c751e8b465ee728b)  -> (artifact id: '4b4991263f701887878a9027e6ce6d93') in 0.196929 seconds 
========================================================================
Received Import Request.
  Time since last request: 1.305729 seconds.
  path: Assets/AssetsImport/Dummy_Sprites_Course_3/Environment/Mountain_BG/Mountain_BG.png
  artifactKey: Guid(eabe5e53dd1e48e499ed531965bf2725) Importer(815301076,1909f56bfc062723c751e8b465ee728b)
Start importing Assets/AssetsImport/Dummy_Sprites_Course_3/Environment/Mountain_BG/Mountain_BG.png using Guid(eabe5e53dd1e48e499ed531965bf2725) Importer(815301076,1909f56bfc062723c751e8b465ee728b)  -> (artifact id: '6af36879d79289182212fb9e1f24eda8') in 0.148935 seconds 
========================================================================
Received Import Request.
  Time since last request: 0.930279 seconds.
  path: Assets/AssetsImport/Dummy_Sprites_Course_3/Environment/Water/Water.png
  artifactKey: Guid(f7080c10aa6fae641b5204db9f9dcfc6) Importer(815301076,1909f56bfc062723c751e8b465ee728b)
Start importing Assets/AssetsImport/Dummy_Sprites_Course_3/Environment/Water/Water.png using Guid(f7080c10aa6fae641b5204db9f9dcfc6) Importer(815301076,1909f56bfc062723c751e8b465ee728b)  -> (artifact id: 'a18c778a521cf2fb9738780fdade19be') in 0.238572 seconds 
========================================================================
Received Import Request.
  Time since last request: 0.435200 seconds.
  path: Assets/AssetsImport/Dummy_Sprites_Course_3/Environment/Waterfall/Waterfall_Center.png
  artifactKey: Guid(feef05e5c7b6b2245aae011d6a893139) Importer(815301076,1909f56bfc062723c751e8b465ee728b)
Start importing Assets/AssetsImport/Dummy_Sprites_Course_3/Environment/Waterfall/Waterfall_Center.png using Guid(feef05e5c7b6b2245aae011d6a893139) Importer(815301076,1909f56bfc062723c751e8b465ee728b)  -> (artifact id: '92360d80e94a8d43f442429bdeb7ddc9') in 0.428638 seconds 
========================================================================
Received Import Request.
  Time since last request: 3.584636 seconds.
  path: Assets/AssetsImport/Dummy_Sprites_Course_3/Environment/Black_Overlay/Black_Overlay.png
  artifactKey: Guid(e388dfb5fc2dbf846816008821140121) Importer(815301076,1909f56bfc062723c751e8b465ee728b)
Start importing Assets/AssetsImport/Dummy_Sprites_Course_3/Environment/Black_Overlay/Black_Overlay.png using Guid(e388dfb5fc2dbf846816008821140121) Importer(815301076,1909f56bfc062723c751e8b465ee728b)  -> (artifact id: 'c212d7678b06b17412a91f9e58f8d123') in 0.159246 seconds 
========================================================================
Received Import Request.
  Time since last request: 0.789599 seconds.
  path: Assets/AssetsImport/Dummy_Sprites_Course_3/Environment/Bricks/Bricks_Blue.png
  artifactKey: Guid(b86def4b4ab0fa84983be916d271103f) Importer(815301076,1909f56bfc062723c751e8b465ee728b)
Start importing Assets/AssetsImport/Dummy_Sprites_Course_3/Environment/Bricks/Bricks_Blue.png using Guid(b86def4b4ab0fa84983be916d271103f) Importer(815301076,1909f56bfc062723c751e8b465ee728b)  -> (artifact id: 'd97a44febde95ef5f00da77cd853fbbf') in 0.584622 seconds 
========================================================================
Received Import Request.
  Time since last request: 2.390002 seconds.
  path: Assets/AssetsImport/Dummy_Sprites_Course_3/Environment/Column_Arches/Column_Arches.png
  artifactKey: Guid(87c06346226bc2e49b4b6ebcf4a42985) Importer(815301076,1909f56bfc062723c751e8b465ee728b)
Start importing Assets/AssetsImport/Dummy_Sprites_Course_3/Environment/Column_Arches/Column_Arches.png using Guid(87c06346226bc2e49b4b6ebcf4a42985) Importer(815301076,1909f56bfc062723c751e8b465ee728b)  -> (artifact id: 'a4f5e89137824d76dba8a04d084c9dd7') in 0.149745 seconds 
========================================================================
Received Import Request.
  Time since last request: 3450.234029 seconds.
  path: Assets/Sprites/Waterfall
  artifactKey: Guid(4eba33a588bd659488dee4ad60cfc42b) Importer(815301076,1909f56bfc062723c751e8b465ee728b)
Start importing Assets/Sprites/Waterfall using Guid(4eba33a588bd659488dee4ad60cfc42b) Importer(815301076,1909f56bfc062723c751e8b465ee728b)  -> (artifact id: '580f7a7579f5236964b1d982f3143330') in 0.011431 seconds 
========================================================================
Received Import Request.
  Time since last request: 37.856347 seconds.
  path: Assets/Sprites/Waterfall/Waterfall_Right.png
  artifactKey: Guid(bd1cbf88f17023d40a68f6ded4dbf420) Importer(815301076,1909f56bfc062723c751e8b465ee728b)
Start importing Assets/Sprites/Waterfall/Waterfall_Right.png using Guid(bd1cbf88f17023d40a68f6ded4dbf420) Importer(815301076,1909f56bfc062723c751e8b465ee728b)  -> (artifact id: 'ffb3bc114671a30a34a17588fff37c6d') in 0.348201 seconds 
========================================================================
Received Import Request.
  Time since last request: 59.560659 seconds.
  path: Assets/Timemaps/Tiles
  artifactKey: Guid(1bd8859e59b859a4090bb4f7dcb6806e) Importer(815301076,1909f56bfc062723c751e8b465ee728b)
Start importing Assets/Timemaps/Tiles using Guid(1bd8859e59b859a4090bb4f7dcb6806e) Importer(815301076,1909f56bfc062723c751e8b465ee728b)  -> (artifact id: 'a8d1a30e887191bdf7adf821b8961ef6') in 0.010558 seconds 
========================================================================
Received Import Request.
  Time since last request: 10.320575 seconds.
  path: Assets/Timemaps/Tiles/Waterfal Tiles
  artifactKey: Guid(1d99defd6bbef594c8acfbe2823b3b75) Importer(815301076,1909f56bfc062723c751e8b465ee728b)
Start importing Assets/Timemaps/Tiles/Waterfal Tiles using Guid(1d99defd6bbef594c8acfbe2823b3b75) Importer(815301076,1909f56bfc062723c751e8b465ee728b)  -> (artifact id: 'd92b3a1b7655939d3c33b6d89e31ea6d') in 0.011745 seconds 
========================================================================
Received Import Request.
  Time since last request: 20.745737 seconds.
  path: Assets/Timemaps/Tiles/Waterfal Tiles/WaterFall Letf Animated Tile.asset
  artifactKey: Guid(3570e60cc45cb8b468f117dc069758d3) Importer(815301076,1909f56bfc062723c751e8b465ee728b)
Start importing Assets/Timemaps/Tiles/Waterfal Tiles/WaterFall Letf Animated Tile.asset using Guid(3570e60cc45cb8b468f117dc069758d3) Importer(815301076,1909f56bfc062723c751e8b465ee728b)  -> (artifact id: '2124d43acd985074c702d29bc48e4eb6') in 0.012806 seconds 
========================================================================
Received Import Request.
  Time since last request: 11.697285 seconds.
  path: Assets/Timemaps/Tiles/Waterfal Tiles/WaterFall Right Animated Tile.asset
  artifactKey: Guid(c7ed441f685c59c41bbb5523e46f5eba) Importer(815301076,1909f56bfc062723c751e8b465ee728b)
Start importing Assets/Timemaps/Tiles/Waterfal Tiles/WaterFall Right Animated Tile.asset using Guid(c7ed441f685c59c41bbb5523e46f5eba) Importer(815301076,1909f56bfc062723c751e8b465ee728b)  -> (artifact id: '809e3b16631f15b6ab05aebe8995a930') in 0.013079 seconds 
========================================================================
Received Import Request.
  Time since last request: 7.040422 seconds.
  path: Assets/Timemaps/Tiles/Waterfal Tiles/WaterFall Left Animated Tile.asset
  artifactKey: Guid(3570e60cc45cb8b468f117dc069758d3) Importer(815301076,1909f56bfc062723c751e8b465ee728b)
Start importing Assets/Timemaps/Tiles/Waterfal Tiles/WaterFall Left Animated Tile.asset using Guid(3570e60cc45cb8b468f117dc069758d3) Importer(815301076,1909f56bfc062723c751e8b465ee728b)  -> (artifact id: 'da7cdd30b72e6fd33d008fde618d396c') in 0.010904 seconds 
========================================================================
Received Import Request.
  Time since last request: 11.212780 seconds.
  path: Assets/Timemaps/Tiles/Waterfal Tiles/WaterFall Center Animated Tile.asset
  artifactKey: Guid(3bb876aaf731f3644917ef46e5183c44) Importer(815301076,1909f56bfc062723c751e8b465ee728b)
Start importing Assets/Timemaps/Tiles/Waterfal Tiles/WaterFall Center Animated Tile.asset using Guid(3bb876aaf731f3644917ef46e5183c44) Importer(815301076,1909f56bfc062723c751e8b465ee728b)  -> (artifact id: 'cfb0dd956c735ca36b4e0507584d01a9') in 0.012767 seconds 
========================================================================
Received Import Request.
  Time since last request: 104.872646 seconds.
  path: Assets/Timemaps/Tiles/Waterfal Tiles/WaterFall Center Animated Tile.asset
  artifactKey: Guid(3bb876aaf731f3644917ef46e5183c44) Importer(815301076,1909f56bfc062723c751e8b465ee728b)
Start importing Assets/Timemaps/Tiles/Waterfal Tiles/WaterFall Center Animated Tile.asset using Guid(3bb876aaf731f3644917ef46e5183c44) Importer(815301076,1909f56bfc062723c751e8b465ee728b)  -> (artifact id: '875dc8c495864267e16e5465747bc0a5') in 0.010281 seconds 
========================================================================
Received Import Request.
  Time since last request: 27.531607 seconds.
  path: Assets/Timemaps/Tiles/Waterfal Tiles/WaterFall Left Animated Tile.asset
  artifactKey: Guid(3570e60cc45cb8b468f117dc069758d3) Importer(815301076,1909f56bfc062723c751e8b465ee728b)
Start importing Assets/Timemaps/Tiles/Waterfal Tiles/WaterFall Left Animated Tile.asset using Guid(3570e60cc45cb8b468f117dc069758d3) Importer(815301076,1909f56bfc062723c751e8b465ee728b)  -> (artifact id: '6ac83941267980f28c176b07a2eb8575') in 0.013685 seconds 
========================================================================
Received Import Request.
  Time since last request: 17.384919 seconds.
  path: Assets/Timemaps/Tiles/Waterfal Tiles/WaterFall Right Animated Tile.asset
  artifactKey: Guid(c7ed441f685c59c41bbb5523e46f5eba) Importer(815301076,1909f56bfc062723c751e8b465ee728b)
Start importing Assets/Timemaps/Tiles/Waterfal Tiles/WaterFall Right Animated Tile.asset using Guid(c7ed441f685c59c41bbb5523e46f5eba) Importer(815301076,1909f56bfc062723c751e8b465ee728b)  -> (artifact id: 'b3531b899d8bc07151f572c6ccd88105') in 0.010230 seconds 
========================================================================
Received Import Request.
  Time since last request: 21.737358 seconds.
  path: Assets/Timemaps/Tiles/Waterfal Tiles/WaterFall Center Animated Tile.asset
  artifactKey: Guid(3bb876aaf731f3644917ef46e5183c44) Importer(815301076,1909f56bfc062723c751e8b465ee728b)
Start importing Assets/Timemaps/Tiles/Waterfal Tiles/WaterFall Center Animated Tile.asset using Guid(3bb876aaf731f3644917ef46e5183c44) Importer(815301076,1909f56bfc062723c751e8b465ee728b)  -> (artifact id: '6f0c4b1ccd0024b9935d192361ebcbbb') in 0.010582 seconds 
========================================================================
Received Prepare
Registering precompiled user dll's ...
Registered in 0.010989 seconds.
Begin MonoManager ReloadAssembly
Symbol file LoadedFromMemory doesn't match image D:\code-work\unity-projects\personal\unity-2d\dungeon-escape\Library\PackageCache\com.unity.visualscripting@1.7.6\Editor\VisualScripting.Core\Dependencies\YamlDotNet\Unity.VisualScripting.YamlDotNet.dll
Symbol file LoadedFromMemory is not a mono symbol file
Symbol file LoadedFromMemory doesn't match image D:\code-work\unity-projects\personal\unity-2d\dungeon-escape\Library\PackageCache\com.unity.visualscripting@1.7.6\Editor\VisualScripting.Core\Dependencies\DotNetZip\Unity.VisualScripting.IonicZip.dll
Native extension for WindowsStandalone target not found
Native extension for Android target not found
Native extension for WebGL target not found
Refreshing native plugins compatible for Editor in 0.99 ms, found 4 plugins.
Preloading 0 native plugins for Editor in 0.00 ms.
Mono: successfully reloaded assembly
- Completed reload, in  1.943 seconds
Domain Reload Profiling:
	ReloadAssembly (1944ms)
		BeginReloadAssembly (280ms)
			ExecutionOrderSort (0ms)
			DisableScriptedObjects (10ms)
			BackupInstance (0ms)
			ReleaseScriptingObjects (0ms)
			CreateAndSetChildDomain (58ms)
		EndReloadAssembly (1473ms)
			LoadAssemblies (222ms)
			RebuildTransferFunctionScriptingTraits (0ms)
			SetupTypeCache (592ms)
			ReleaseScriptCaches (2ms)
			RebuildScriptCaches (74ms)
			SetupLoadedEditorAssemblies (598ms)
				LogAssemblyErrors (0ms)
				InitializePlatformSupportModulesInManaged (44ms)
				SetLoadedEditorAssemblies (1ms)
				RefreshPlugins (1ms)
				BeforeProcessingInitializeOnLoad (120ms)
				ProcessInitializeOnLoadAttributes (359ms)
				ProcessInitializeOnLoadMethodAttributes (61ms)
				AfterProcessingInitializeOnLoad (12ms)
				EditorAssembliesLoaded (0ms)
			ExecutionOrderSort2 (0ms)
			AwakeInstancesAfterBackupRestoration (13ms)
Platform modules already initialized, skipping
Refreshing native plugins compatible for Editor in 4.02 ms, found 4 plugins.
Preloading 0 native plugins for Editor in 0.00 ms.
Unloading 4068 Unused Serialized files (Serialized files now loaded: 0)
Unloading 29 unused Assets / (263.1 KB). Loaded Objects now: 4561.
Memory consumption went from 157.9 MB to 157.7 MB.
Total: 6.909000 ms (FindLiveObjects: 0.432200 ms CreateObjectMapping: 0.348200 ms MarkObjects: 5.803900 ms  DeleteObjects: 0.323000 ms)

AssetImportParameters requested are different than current active one (requested -> active):
  custom:video-decoder-ogg-theora: a1e56fd34408186e4bbccfd4996cb3dc -> 
  custom:container-muxer-webm: aa71ff27fc2769a1b78a27578f13a17b -> 
  custom:container-demuxer-webm: 4f35f7cbe854078d1ac9338744f61a02 -> 
  custom:video-encoder-webm-vp8: eb34c28f22e8b96e1ab97ce403110664 -> 
  custom:audio-encoder-webm-vorbis: bf7c407c2cedff20999df2af8eb42d56 -> 
  custom:framework-win-MediaFoundation: 216162199b28c13a410421893ffa2e32 -> 
  custom:container-demuxer-ogg: 62fdf1f143b41e24485cea50d1cbac27 -> 
  custom:video-decoder-webm-vp8: 9c59270c3fd7afecdb556c50c9e8de78 -> 
  custom:audio-decoder-ogg-vorbis: bf7c407c2cedff20999df2af8eb42d56 -> 
========================================================================
Received Prepare
Registering precompiled user dll's ...
Registered in 0.008812 seconds.
Begin MonoManager ReloadAssembly
Symbol file LoadedFromMemory doesn't match image D:\code-work\unity-projects\personal\unity-2d\dungeon-escape\Library\PackageCache\com.unity.visualscripting@1.7.6\Editor\VisualScripting.Core\Dependencies\YamlDotNet\Unity.VisualScripting.YamlDotNet.dll
Symbol file LoadedFromMemory is not a mono symbol file
Symbol file LoadedFromMemory doesn't match image D:\code-work\unity-projects\personal\unity-2d\dungeon-escape\Library\PackageCache\com.unity.visualscripting@1.7.6\Editor\VisualScripting.Core\Dependencies\DotNetZip\Unity.VisualScripting.IonicZip.dll
Native extension for WindowsStandalone target not found
Native extension for Android target not found
Native extension for WebGL target not found
Refreshing native plugins compatible for Editor in 1.01 ms, found 4 plugins.
Preloading 0 native plugins for Editor in 0.00 ms.
Mono: successfully reloaded assembly
- Completed reload, in  2.000 seconds
Domain Reload Profiling:
	ReloadAssembly (2001ms)
		BeginReloadAssembly (259ms)
			ExecutionOrderSort (0ms)
			DisableScriptedObjects (16ms)
			BackupInstance (0ms)
			ReleaseScriptingObjects (0ms)
			CreateAndSetChildDomain (67ms)
		EndReloadAssembly (1545ms)
			LoadAssemblies (179ms)
			RebuildTransferFunctionScriptingTraits (0ms)
			SetupTypeCache (481ms)
			ReleaseScriptCaches (2ms)
			RebuildScriptCaches (101ms)
			SetupLoadedEditorAssemblies (711ms)
				LogAssemblyErrors (0ms)
				InitializePlatformSupportModulesInManaged (45ms)
				SetLoadedEditorAssemblies (1ms)
				RefreshPlugins (1ms)
				BeforeProcessingInitializeOnLoad (143ms)
				ProcessInitializeOnLoadAttributes (437ms)
				ProcessInitializeOnLoadMethodAttributes (70ms)
				AfterProcessingInitializeOnLoad (14ms)
				EditorAssembliesLoaded (0ms)
			ExecutionOrderSort2 (0ms)
			AwakeInstancesAfterBackupRestoration (14ms)
Platform modules already initialized, skipping
Refreshing native plugins compatible for Editor in 3.81 ms, found 4 plugins.
Preloading 0 native plugins for Editor in 0.00 ms.
Unloading 4068 Unused Serialized files (Serialized files now loaded: 0)
Unloading 29 unused Assets / (263.2 KB). Loaded Objects now: 4576.
Memory consumption went from 158.0 MB to 157.7 MB.
Total: 9.203400 ms (FindLiveObjects: 0.417300 ms CreateObjectMapping: 0.295000 ms MarkObjects: 8.217600 ms  DeleteObjects: 0.271900 ms)

AssetImportParameters requested are different than current active one (requested -> active):
  custom:video-decoder-ogg-theora: a1e56fd34408186e4bbccfd4996cb3dc -> 
  custom:container-muxer-webm: aa71ff27fc2769a1b78a27578f13a17b -> 
  custom:container-demuxer-webm: 4f35f7cbe854078d1ac9338744f61a02 -> 
  custom:video-encoder-webm-vp8: eb34c28f22e8b96e1ab97ce403110664 -> 
  custom:audio-encoder-webm-vorbis: bf7c407c2cedff20999df2af8eb42d56 -> 
  custom:framework-win-MediaFoundation: 216162199b28c13a410421893ffa2e32 -> 
  custom:container-demuxer-ogg: 62fdf1f143b41e24485cea50d1cbac27 -> 
  custom:video-decoder-webm-vp8: 9c59270c3fd7afecdb556c50c9e8de78 -> 
  custom:audio-decoder-ogg-vorbis: bf7c407c2cedff20999df2af8eb42d56 -> 
========================================================================
Received Prepare
Registering precompiled user dll's ...
Registered in 0.007197 seconds.
Begin MonoManager ReloadAssembly
Symbol file LoadedFromMemory doesn't match image D:\code-work\unity-projects\personal\unity-2d\dungeon-escape\Library\PackageCache\com.unity.visualscripting@1.7.6\Editor\VisualScripting.Core\Dependencies\YamlDotNet\Unity.VisualScripting.YamlDotNet.dll
Symbol file LoadedFromMemory is not a mono symbol file
Symbol file LoadedFromMemory doesn't match image D:\code-work\unity-projects\personal\unity-2d\dungeon-escape\Library\PackageCache\com.unity.visualscripting@1.7.6\Editor\VisualScripting.Core\Dependencies\DotNetZip\Unity.VisualScripting.IonicZip.dll
Native extension for WindowsStandalone target not found
Native extension for Android target not found
Native extension for WebGL target not found
Refreshing native plugins compatible for Editor in 1.38 ms, found 4 plugins.
Preloading 0 native plugins for Editor in 0.00 ms.
Mono: successfully reloaded assembly
- Completed reload, in  1.870 seconds
Domain Reload Profiling:
	ReloadAssembly (1871ms)
		BeginReloadAssembly (192ms)
			ExecutionOrderSort (0ms)
			DisableScriptedObjects (10ms)
			BackupInstance (0ms)
			ReleaseScriptingObjects (0ms)
			CreateAndSetChildDomain (49ms)
		EndReloadAssembly (1514ms)
			LoadAssemblies (147ms)
			RebuildTransferFunctionScriptingTraits (0ms)
			SetupTypeCache (448ms)
			ReleaseScriptCaches (2ms)
			RebuildScriptCaches (103ms)
			SetupLoadedEditorAssemblies (711ms)
				LogAssemblyErrors (0ms)
				InitializePlatformSupportModulesInManaged (49ms)
				SetLoadedEditorAssemblies (1ms)
				RefreshPlugins (1ms)
				BeforeProcessingInitializeOnLoad (148ms)
				ProcessInitializeOnLoadAttributes (428ms)
				ProcessInitializeOnLoadMethodAttributes (68ms)
				AfterProcessingInitializeOnLoad (15ms)
				EditorAssembliesLoaded (0ms)
			ExecutionOrderSort2 (0ms)
			AwakeInstancesAfterBackupRestoration (14ms)
Platform modules already initialized, skipping
Refreshing native plugins compatible for Editor in 4.35 ms, found 4 plugins.
Preloading 0 native plugins for Editor in 0.00 ms.
Unloading 4068 Unused Serialized files (Serialized files now loaded: 0)
Unloading 29 unused Assets / (263.0 KB). Loaded Objects now: 4591.
Memory consumption went from 158.0 MB to 157.7 MB.
Total: 5.560100 ms (FindLiveObjects: 0.491500 ms CreateObjectMapping: 0.454500 ms MarkObjects: 4.340600 ms  DeleteObjects: 0.272100 ms)

AssetImportParameters requested are different than current active one (requested -> active):
  custom:video-decoder-ogg-theora: a1e56fd34408186e4bbccfd4996cb3dc -> 
  custom:container-muxer-webm: aa71ff27fc2769a1b78a27578f13a17b -> 
  custom:container-demuxer-webm: 4f35f7cbe854078d1ac9338744f61a02 -> 
  custom:video-encoder-webm-vp8: eb34c28f22e8b96e1ab97ce403110664 -> 
  custom:audio-encoder-webm-vorbis: bf7c407c2cedff20999df2af8eb42d56 -> 
  custom:framework-win-MediaFoundation: 216162199b28c13a410421893ffa2e32 -> 
  custom:container-demuxer-ogg: 62fdf1f143b41e24485cea50d1cbac27 -> 
  custom:video-decoder-webm-vp8: 9c59270c3fd7afecdb556c50c9e8de78 -> 
  custom:audio-decoder-ogg-vorbis: bf7c407c2cedff20999df2af8eb42d56 -> 
========================================================================
Received Import Request.
  Time since last request: 1068.444103 seconds.
  path: ProjectSettings/TagManager.asset
  artifactKey: Guid(00000000000000003000000000000000) Importer(815301076,1909f56bfc062723c751e8b465ee728b)
Start importing ProjectSettings/TagManager.asset using Guid(00000000000000003000000000000000) Importer(815301076,1909f56bfc062723c751e8b465ee728b)  -> (artifact id: '5f74b9f0782f3ffe8a654b2b60a9f33c') in 0.035864 seconds 
========================================================================
Received Import Request.
  Time since last request: 68.832637 seconds.
  path: ProjectSettings/TagManager.asset
  artifactKey: Guid(00000000000000003000000000000000) Importer(815301076,1909f56bfc062723c751e8b465ee728b)
Start importing ProjectSettings/TagManager.asset using Guid(00000000000000003000000000000000) Importer(815301076,1909f56bfc062723c751e8b465ee728b)  -> (artifact id: 'f4ff45ceeeec3b7f58079c3ac87cbf17') in 0.006663 seconds 
========================================================================
Received Import Request.
  Time since last request: 60.749328 seconds.
  path: ProjectSettings/TagManager.asset
  artifactKey: Guid(00000000000000003000000000000000) Importer(815301076,1909f56bfc062723c751e8b465ee728b)
Start importing ProjectSettings/TagManager.asset using Guid(00000000000000003000000000000000) Importer(815301076,1909f56bfc062723c751e8b465ee728b)  -> (artifact id: 'cc1e60aed4fc625509355fd605b05b4b') in 0.006733 seconds 
========================================================================
Received Import Request.
  Time since last request: 60.763806 seconds.
  path: ProjectSettings/TagManager.asset
  artifactKey: Guid(00000000000000003000000000000000) Importer(815301076,1909f56bfc062723c751e8b465ee728b)
Start importing ProjectSettings/TagManager.asset using Guid(00000000000000003000000000000000) Importer(815301076,1909f56bfc062723c751e8b465ee728b)  -> (artifact id: '444cf939b7c84431392a044141d5c6cb') in 0.006806 seconds 
========================================================================
Received Import Request.
  Time since last request: 36.260313 seconds.
  path: Assets/Timemaps/Brushes
  artifactKey: Guid(ff1ef3cbe364d1044b4578f1c4155748) Importer(815301076,1909f56bfc062723c751e8b465ee728b)
Start importing Assets/Timemaps/Brushes using Guid(ff1ef3cbe364d1044b4578f1c4155748) Importer(815301076,1909f56bfc062723c751e8b465ee728b)  -> (artifact id: '98feec07c0314c724cb4a5cc1542448f') in 0.010096 seconds 
========================================================================
Received Import Request.
  Time since last request: 29.818771 seconds.
  path: Assets/Timemaps/Brushes/New Brush.brush
  artifactKey: Guid(9d5cd570441c4244ba40e62201765231) Importer(815301076,1909f56bfc062723c751e8b465ee728b)
Start importing Assets/Timemaps/Brushes/New Brush.brush using Guid(9d5cd570441c4244ba40e62201765231) Importer(815301076,1909f56bfc062723c751e8b465ee728b)  -> (artifact id: '2d87ee59fad18af8a79d71393c0944dd') in 0.054417 seconds 
========================================================================
Received Import Request.
  Time since last request: 12.896161 seconds.
  path: Assets/Timemaps/Brushes/NewComputeShader.compute
  artifactKey: Guid(d732aaa54c88f8543ad5244820762e09) Importer(815301076,1909f56bfc062723c751e8b465ee728b)
Start importing Assets/Timemaps/Brushes/NewComputeShader.compute using Guid(d732aaa54c88f8543ad5244820762e09) Importer(815301076,1909f56bfc062723c751e8b465ee728b)  -> (artifact id: '3f605aed43927cc4af27248ba93aa77d') in 0.012647 seconds 
========================================================================
Received Import Request.
  Time since last request: 136.146096 seconds.
  path: Assets/AssetsImport/Dummy_Sprites_Course_3/Items/Candle.png
  artifactKey: Guid(21efe4c7a4a268145804c6550cb47446) Importer(815301076,1909f56bfc062723c751e8b465ee728b)
Start importing Assets/AssetsImport/Dummy_Sprites_Course_3/Items/Candle.png using Guid(21efe4c7a4a268145804c6550cb47446) Importer(815301076,1909f56bfc062723c751e8b465ee728b)  -> (artifact id: '47cf99ba6919b54eba47238b047d8571') in 0.169682 seconds 
========================================================================
Received Import Request.
  Time since last request: 0.000035 seconds.
  path: Assets/AssetsImport/Dummy_Sprites_Course_3/Items/Lamp.png
  artifactKey: Guid(b2eaf23d66cff99479ac446c3ced645e) Importer(815301076,1909f56bfc062723c751e8b465ee728b)
Start importing Assets/AssetsImport/Dummy_Sprites_Course_3/Items/Lamp.png using Guid(b2eaf23d66cff99479ac446c3ced645e) Importer(815301076,1909f56bfc062723c751e8b465ee728b)  -> (artifact id: 'e84d97a9b4196336b0c977c180446e40') in 0.331530 seconds 
========================================================================
Received Import Request.
  Time since last request: 5.766136 seconds.
  path: Assets/AssetsImport/Dummy_Sprites_Course_3/Characters/Player
  artifactKey: Guid(6eca786e20f71624aaee7907c3b27caa) Importer(815301076,1909f56bfc062723c751e8b465ee728b)
Start importing Assets/AssetsImport/Dummy_Sprites_Course_3/Characters/Player using Guid(6eca786e20f71624aaee7907c3b27caa) Importer(815301076,1909f56bfc062723c751e8b465ee728b)  -> (artifact id: '69217b5cef35957c5bb3e959b6baee32') in 0.010547 seconds 
========================================================================
Received Import Request.
  Time since last request: 0.059567 seconds.
  path: Assets/AssetsImport/Dummy_Sprites_Course_3/Characters/Player/Death.png
  artifactKey: Guid(4a09bb411cee6934da557c713a32ebc4) Importer(815301076,1909f56bfc062723c751e8b465ee728b)
Start importing Assets/AssetsImport/Dummy_Sprites_Course_3/Characters/Player/Death.png using Guid(4a09bb411cee6934da557c713a32ebc4) Importer(815301076,1909f56bfc062723c751e8b465ee728b)  -> (artifact id: '4c14695b7971d13f3cfcecff66fb34c6') in 0.259236 seconds 
========================================================================
Received Import Request.
  Time since last request: 0.000030 seconds.
  path: Assets/AssetsImport/Dummy_Sprites_Course_3/Characters/Player/Warrior_Run.png
  artifactKey: Guid(b992be67e11a211429941813a87390cd) Importer(815301076,1909f56bfc062723c751e8b465ee728b)
Start importing Assets/AssetsImport/Dummy_Sprites_Course_3/Characters/Player/Warrior_Run.png using Guid(b992be67e11a211429941813a87390cd) Importer(815301076,1909f56bfc062723c751e8b465ee728b)  -> (artifact id: '6d5992283835b8a2b83ce98137939c8b') in 0.192055 seconds 
========================================================================
Received Import Request.
  Time since last request: 0.000042 seconds.
  path: Assets/AssetsImport/Dummy_Sprites_Course_3/Characters/Player/Idle.png
  artifactKey: Guid(145176f82023f1b408830b31576927ae) Importer(815301076,1909f56bfc062723c751e8b465ee728b)
Start importing Assets/AssetsImport/Dummy_Sprites_Course_3/Characters/Player/Idle.png using Guid(145176f82023f1b408830b31576927ae) Importer(815301076,1909f56bfc062723c751e8b465ee728b)  -> (artifact id: 'ab6aa6d3edf551cab00604b2ac5d0aac') in 0.227741 seconds 
========================================================================
Received Import Request.
  Time since last request: 0.000034 seconds.
  path: Assets/AssetsImport/Dummy_Sprites_Course_3/Characters/Player/Jump_Swing_Fire.png
  artifactKey: Guid(ea349a3b584607f43870e8a30c373c04) Importer(815301076,1909f56bfc062723c751e8b465ee728b)
Start importing Assets/AssetsImport/Dummy_Sprites_Course_3/Characters/Player/Jump_Swing_Fire.png using Guid(ea349a3b584607f43870e8a30c373c04) Importer(815301076,1909f56bfc062723c751e8b465ee728b)  -> (artifact id: '4cedf063f3ab8a4e8979f993ae2bbf0c') in 0.259208 seconds 
========================================================================
Received Import Request.
  Time since last request: 0.000036 seconds.
  path: Assets/AssetsImport/Dummy_Sprites_Course_3/Characters/Player/Hit.png
  artifactKey: Guid(62b6ff902c94d1343a0fda37d6157592) Importer(815301076,1909f56bfc062723c751e8b465ee728b)
Start importing Assets/AssetsImport/Dummy_Sprites_Course_3/Characters/Player/Hit.png using Guid(62b6ff902c94d1343a0fda37d6157592) Importer(815301076,1909f56bfc062723c751e8b465ee728b)  -> (artifact id: '38fa895f0af67624de6b4e6b4e537dc4') in 0.209244 seconds 
========================================================================
Received Import Request.
  Time since last request: 2.574624 seconds.
  path: Assets/AssetsImport/Dummy_Sprites_Course_3/Characters/Moss_Giant/Moss_Giant_Attack.png
  artifactKey: Guid(b5fb3b339c233384399f9d24ea060319) Importer(815301076,1909f56bfc062723c751e8b465ee728b)
Start importing Assets/AssetsImport/Dummy_Sprites_Course_3/Characters/Moss_Giant/Moss_Giant_Attack.png using Guid(b5fb3b339c233384399f9d24ea060319) Importer(815301076,1909f56bfc062723c751e8b465ee728b)  -> (artifact id: '4bd474d055160eeed4b457ae453dd941') in 0.440418 seconds 
========================================================================
Received Import Request.
  Time since last request: 0.000055 seconds.
  path: Assets/AssetsImport/Dummy_Sprites_Course_3/Characters/Moss_Giant/Moss_Giant_Idle.png
  artifactKey: Guid(b490d5a6d7c790843b5ddf98c487f1ff) Importer(815301076,1909f56bfc062723c751e8b465ee728b)
Start importing Assets/AssetsImport/Dummy_Sprites_Course_3/Characters/Moss_Giant/Moss_Giant_Idle.png using Guid(b490d5a6d7c790843b5ddf98c487f1ff) Importer(815301076,1909f56bfc062723c751e8b465ee728b)  -> (artifact id: '600e05b4cb3ff6f48be25a3da6ac9869') in 0.360166 seconds 
========================================================================
Received Import Request.
  Time since last request: 0.475686 seconds.
  path: Assets/AssetsImport/Dummy_Sprites_Course_3/Characters/Skeleton/Skeleton_Attack.png
  artifactKey: Guid(47bb5375307dbd047b8db2455ec34042) Importer(815301076,1909f56bfc062723c751e8b465ee728b)
Start importing Assets/AssetsImport/Dummy_Sprites_Course_3/Characters/Skeleton/Skeleton_Attack.png using Guid(47bb5375307dbd047b8db2455ec34042) Importer(815301076,1909f56bfc062723c751e8b465ee728b)  -> (artifact id: '14807c62103bd57bc2b889596d6ec192') in 0.211774 seconds 
========================================================================
Received Import Request.
  Time since last request: 0.000036 seconds.
  path: Assets/AssetsImport/Dummy_Sprites_Course_3/Characters/Skeleton/Skeleton_Hit.png
  artifactKey: Guid(dbfaa359a35a8004192ca36ecbb9318d) Importer(815301076,1909f56bfc062723c751e8b465ee728b)
Start importing Assets/AssetsImport/Dummy_Sprites_Course_3/Characters/Skeleton/Skeleton_Hit.png using Guid(dbfaa359a35a8004192ca36ecbb9318d) Importer(815301076,1909f56bfc062723c751e8b465ee728b)  -> (artifact id: '3cc308e0c69574b67dcace277c8990a2') in 0.192502 seconds 
========================================================================
Received Import Request.
  Time since last request: 0.000036 seconds.
  path: Assets/AssetsImport/Dummy_Sprites_Course_3/Characters/Skeleton/Skeleton_Idle.png
  artifactKey: Guid(487a411ec75fb2d4a9d0580fa450f17b) Importer(815301076,1909f56bfc062723c751e8b465ee728b)
Start importing Assets/AssetsImport/Dummy_Sprites_Course_3/Characters/Skeleton/Skeleton_Idle.png using Guid(487a411ec75fb2d4a9d0580fa450f17b) Importer(815301076,1909f56bfc062723c751e8b465ee728b)  -> (artifact id: '01ef11a524afe74de9aa048072514a47') in 0.196287 seconds 
========================================================================
Received Import Request.
  Time since last request: 0.000024 seconds.
  path: Assets/AssetsImport/Dummy_Sprites_Course_3/Characters/Spider/Spider_Walk.png
  artifactKey: Guid(d5277fccc3920134c9d4e6d9545b6581) Importer(815301076,1909f56bfc062723c751e8b465ee728b)
Start importing Assets/AssetsImport/Dummy_Sprites_Course_3/Characters/Spider/Spider_Walk.png using Guid(d5277fccc3920134c9d4e6d9545b6581) Importer(815301076,1909f56bfc062723c751e8b465ee728b)  -> (artifact id: '952dff96f031b1578e58a0512219f56b') in 0.213423 seconds 
========================================================================
Received Import Request.
  Time since last request: 0.000047 seconds.
  path: Assets/AssetsImport/Dummy_Sprites_Course_3/Characters/Spider/Spider_Idle.png
  artifactKey: Guid(f3e99fcc34f26e34397b0dd7cf8f592a) Importer(815301076,1909f56bfc062723c751e8b465ee728b)
Start importing Assets/AssetsImport/Dummy_Sprites_Course_3/Characters/Spider/Spider_Idle.png using Guid(f3e99fcc34f26e34397b0dd7cf8f592a) Importer(815301076,1909f56bfc062723c751e8b465ee728b)  -> (artifact id: '84a80c7dd8d212084a10f43619a0bde9') in 0.228387 seconds 
========================================================================
Received Import Request.
  Time since last request: 15.544268 seconds.
  path: Assets/AssetsImport/Dummy_Sprites_Course_3/Effects/Diamond.png
  artifactKey: Guid(8eaa0ae5f49948446bf46d67c09b36ab) Importer(815301076,1909f56bfc062723c751e8b465ee728b)
Start importing Assets/AssetsImport/Dummy_Sprites_Course_3/Effects/Diamond.png using Guid(8eaa0ae5f49948446bf46d67c09b36ab) Importer(815301076,1909f56bfc062723c751e8b465ee728b)  -> (artifact id: '0d0ca4df8d98d6b63ee4b716012799b2') in 0.016849 seconds 
========================================================================
Received Import Request.
  Time since last request: 18.469415 seconds.
  path: Assets/AssetsImport/Dummy_Sprites_Course_3/Effects/Diamond.png
  artifactKey: Guid(8eaa0ae5f49948446bf46d67c09b36ab) Importer(815301076,1909f56bfc062723c751e8b465ee728b)
Start importing Assets/AssetsImport/Dummy_Sprites_Course_3/Effects/Diamond.png using Guid(8eaa0ae5f49948446bf46d67c09b36ab) Importer(815301076,1909f56bfc062723c751e8b465ee728b)  -> (artifact id: 'cef832c3452c88dcc8f59096e3b2104e') in 0.215089 seconds 
========================================================================
Received Import Request.
  Time since last request: 6.226609 seconds.
  path: Assets/AssetsImport/Dummy_Sprites_Course_3/Effects/Diamond.png
  artifactKey: Guid(8eaa0ae5f49948446bf46d67c09b36ab) Importer(815301076,1909f56bfc062723c751e8b465ee728b)
Start importing Assets/AssetsImport/Dummy_Sprites_Course_3/Effects/Diamond.png using Guid(8eaa0ae5f49948446bf46d67c09b36ab) Importer(815301076,1909f56bfc062723c751e8b465ee728b)  -> (artifact id: '5c4d1cc814606d7ab9d7e1e2196d7778') in 0.198871 seconds 
========================================================================
Received Import Request.
  Time since last request: 54.394608 seconds.
  path: Assets/Prefabs/DiamondPickable.prefab
  artifactKey: Guid(e295c76b0c5e7f04fa37ad9fc82ab226) Importer(815301076,1909f56bfc062723c751e8b465ee728b)
Start importing Assets/Prefabs/DiamondPickable.prefab using Guid(e295c76b0c5e7f04fa37ad9fc82ab226) Importer(815301076,1909f56bfc062723c751e8b465ee728b)  -> (artifact id: 'c13605d323d5ba5fe910605cc58a97fa') in 0.047210 seconds 
========================================================================
Received Import Request.
  Time since last request: 11.238414 seconds.
  path: Assets/Prefabs/DiamondPickable.prefab
  artifactKey: Guid(e295c76b0c5e7f04fa37ad9fc82ab226) Importer(815301076,1909f56bfc062723c751e8b465ee728b)
Start importing Assets/Prefabs/DiamondPickable.prefab using Guid(e295c76b0c5e7f04fa37ad9fc82ab226) Importer(815301076,1909f56bfc062723c751e8b465ee728b)  -> (artifact id: 'd2744f4d01c13399c635979570045701') in 0.013602 seconds 
========================================================================
Received Import Request.
  Time since last request: 18.463892 seconds.
  path: Assets/Animations/Diamond Animator Controller.controller
  artifactKey: Guid(8e80695217bc87848bb39c2a4594c559) Importer(815301076,1909f56bfc062723c751e8b465ee728b)
Start importing Assets/Animations/Diamond Animator Controller.controller using Guid(8e80695217bc87848bb39c2a4594c559) Importer(815301076,1909f56bfc062723c751e8b465ee728b)  -> (artifact id: 'd65fdeec4f8f974f00594770d69dcdda') in 0.014167 seconds 
========================================================================
Received Import Request.
  Time since last request: 24.198060 seconds.
  path: Assets/Sprites/Diamond Animation.anim
  artifactKey: Guid(9288bfd07f1147a4081ae80b996c64b0) Importer(815301076,1909f56bfc062723c751e8b465ee728b)
Start importing Assets/Sprites/Diamond Animation.anim using Guid(9288bfd07f1147a4081ae80b996c64b0) Importer(815301076,1909f56bfc062723c751e8b465ee728b)  -> (artifact id: '74b615321a986484852ef4563f887b6c') in 0.012956 seconds 
========================================================================
Received Prepare
Registering precompiled user dll's ...
Registered in 0.007866 seconds.
Begin MonoManager ReloadAssembly
Symbol file LoadedFromMemory doesn't match image D:\code-work\unity-projects\personal\unity-2d\dungeon-escape\Library\PackageCache\com.unity.visualscripting@1.7.6\Editor\VisualScripting.Core\Dependencies\YamlDotNet\Unity.VisualScripting.YamlDotNet.dll
Symbol file LoadedFromMemory is not a mono symbol file
Symbol file LoadedFromMemory doesn't match image D:\code-work\unity-projects\personal\unity-2d\dungeon-escape\Library\PackageCache\com.unity.visualscripting@1.7.6\Editor\VisualScripting.Core\Dependencies\DotNetZip\Unity.VisualScripting.IonicZip.dll
Native extension for WindowsStandalone target not found
Native extension for Android target not found
Native extension for WebGL target not found
Refreshing native plugins compatible for Editor in 1.06 ms, found 4 plugins.
Preloading 0 native plugins for Editor in 0.00 ms.
Mono: successfully reloaded assembly
- Completed reload, in  1.838 seconds
Domain Reload Profiling:
	ReloadAssembly (1839ms)
		BeginReloadAssembly (213ms)
			ExecutionOrderSort (0ms)
			DisableScriptedObjects (9ms)
			BackupInstance (0ms)
			ReleaseScriptingObjects (0ms)
			CreateAndSetChildDomain (57ms)
		EndReloadAssembly (1475ms)
			LoadAssemblies (156ms)
			RebuildTransferFunctionScriptingTraits (0ms)
			SetupTypeCache (430ms)
			ReleaseScriptCaches (2ms)
			RebuildScriptCaches (106ms)
			SetupLoadedEditorAssemblies (693ms)
				LogAssemblyErrors (0ms)
				InitializePlatformSupportModulesInManaged (48ms)
				SetLoadedEditorAssemblies (1ms)
				RefreshPlugins (1ms)
				BeforeProcessingInitializeOnLoad (150ms)
				ProcessInitializeOnLoadAttributes (412ms)
				ProcessInitializeOnLoadMethodAttributes (65ms)
				AfterProcessingInitializeOnLoad (16ms)
				EditorAssembliesLoaded (0ms)
			ExecutionOrderSort2 (0ms)
			AwakeInstancesAfterBackupRestoration (15ms)
Platform modules already initialized, skipping
Refreshing native plugins compatible for Editor in 4.50 ms, found 4 plugins.
Preloading 0 native plugins for Editor in 0.00 ms.
Unloading 4069 Unused Serialized files (Serialized files now loaded: 0)
Unloading 34 unused Assets / (298.2 KB). Loaded Objects now: 4627.
Memory consumption went from 158.2 MB to 158.0 MB.
Total: 6.344800 ms (FindLiveObjects: 0.557000 ms CreateObjectMapping: 0.464000 ms MarkObjects: 5.105400 ms  DeleteObjects: 0.217000 ms)

AssetImportParameters requested are different than current active one (requested -> active):
  custom:video-decoder-ogg-theora: a1e56fd34408186e4bbccfd4996cb3dc -> 
  custom:container-muxer-webm: aa71ff27fc2769a1b78a27578f13a17b -> 
  custom:container-demuxer-webm: 4f35f7cbe854078d1ac9338744f61a02 -> 
  custom:video-encoder-webm-vp8: eb34c28f22e8b96e1ab97ce403110664 -> 
  custom:audio-encoder-webm-vorbis: bf7c407c2cedff20999df2af8eb42d56 -> 
  custom:framework-win-MediaFoundation: 216162199b28c13a410421893ffa2e32 -> 
  custom:container-demuxer-ogg: 62fdf1f143b41e24485cea50d1cbac27 -> 
  custom:video-decoder-webm-vp8: 9c59270c3fd7afecdb556c50c9e8de78 -> 
  custom:audio-decoder-ogg-vorbis: bf7c407c2cedff20999df2af8eb42d56 -> 
========================================================================
Received Import Request.
  Time since last request: 71.586135 seconds.
  path: Assets/Animations/Diamond Animator Controller.controller
  artifactKey: Guid(8e80695217bc87848bb39c2a4594c559) Importer(815301076,1909f56bfc062723c751e8b465ee728b)
Start importing Assets/Animations/Diamond Animator Controller.controller using Guid(8e80695217bc87848bb39c2a4594c559) Importer(815301076,1909f56bfc062723c751e8b465ee728b)  -> (artifact id: 'c26d732c55eac7c0e659ce30dbfdcc74') in 0.023587 seconds 
========================================================================
Received Import Request.
  Time since last request: 0.901847 seconds.
  path: Assets/Animations/Diamond Animation.anim
  artifactKey: Guid(9288bfd07f1147a4081ae80b996c64b0) Importer(815301076,1909f56bfc062723c751e8b465ee728b)
Start importing Assets/Animations/Diamond Animation.anim using Guid(9288bfd07f1147a4081ae80b996c64b0) Importer(815301076,1909f56bfc062723c751e8b465ee728b)  -> (artifact id: 'd2dbb9071b7a04ef56bf7f1ff8972c33') in 0.004705 seconds 
========================================================================
Received Import Request.
  Time since last request: 160.831435 seconds.
  path: Assets/Prefabs/DiamondPickable.prefab
  artifactKey: Guid(e295c76b0c5e7f04fa37ad9fc82ab226) Importer(815301076,1909f56bfc062723c751e8b465ee728b)
Start importing Assets/Prefabs/DiamondPickable.prefab using Guid(e295c76b0c5e7f04fa37ad9fc82ab226) Importer(815301076,1909f56bfc062723c751e8b465ee728b)  -> (artifact id: '3e58f38db66b9e7a724fc0dd439f3007') in 0.087797 seconds 
========================================================================
Received Prepare
Refreshing native plugins compatible for Editor in 9.20 ms, found 4 plugins.
Preloading 0 native plugins for Editor in 0.00 ms.
Unloading 30 Unused Serialized files (Serialized files now loaded: 0)
Unloading 30 unused Assets / (298.8 KB). Loaded Objects now: 4628.
Memory consumption went from 78.8 MB to 78.5 MB.
Total: 16.431200 ms (FindLiveObjects: 0.946600 ms CreateObjectMapping: 0.627300 ms MarkObjects: 14.336800 ms  DeleteObjects: 0.518000 ms)

AssetImportParameters requested are different than current active one (requested -> active):
  custom:video-decoder-ogg-theora: a1e56fd34408186e4bbccfd4996cb3dc -> 
  custom:container-muxer-webm: aa71ff27fc2769a1b78a27578f13a17b -> 
  custom:container-demuxer-webm: 4f35f7cbe854078d1ac9338744f61a02 -> 
  custom:video-encoder-webm-vp8: eb34c28f22e8b96e1ab97ce403110664 -> 
  custom:audio-encoder-webm-vorbis: bf7c407c2cedff20999df2af8eb42d56 -> 
  custom:framework-win-MediaFoundation: 216162199b28c13a410421893ffa2e32 -> 
  custom:container-demuxer-ogg: 62fdf1f143b41e24485cea50d1cbac27 -> 
  custom:video-decoder-webm-vp8: 9c59270c3fd7afecdb556c50c9e8de78 -> 
  custom:audio-decoder-ogg-vorbis: bf7c407c2cedff20999df2af8eb42d56 -> 
========================================================================
Received Prepare
Refreshing native plugins compatible for Editor in 7.56 ms, found 4 plugins.
Preloading 0 native plugins for Editor in 0.00 ms.
Unloading 30 Unused Serialized files (Serialized files now loaded: 0)
Unloading 30 unused Assets / (298.9 KB). Loaded Objects now: 4628.
Memory consumption went from 78.8 MB to 78.5 MB.
Total: 6.498700 ms (FindLiveObjects: 0.430700 ms CreateObjectMapping: 0.294000 ms MarkObjects: 5.322200 ms  DeleteObjects: 0.449800 ms)

AssetImportParameters requested are different than current active one (requested -> active):
  custom:video-decoder-ogg-theora: a1e56fd34408186e4bbccfd4996cb3dc -> 
  custom:container-muxer-webm: aa71ff27fc2769a1b78a27578f13a17b -> 
  custom:container-demuxer-webm: 4f35f7cbe854078d1ac9338744f61a02 -> 
  custom:video-encoder-webm-vp8: eb34c28f22e8b96e1ab97ce403110664 -> 
  custom:audio-encoder-webm-vorbis: bf7c407c2cedff20999df2af8eb42d56 -> 
  custom:framework-win-MediaFoundation: 216162199b28c13a410421893ffa2e32 -> 
  custom:container-demuxer-ogg: 62fdf1f143b41e24485cea50d1cbac27 -> 
  custom:video-decoder-webm-vp8: 9c59270c3fd7afecdb556c50c9e8de78 -> 
  custom:audio-decoder-ogg-vorbis: bf7c407c2cedff20999df2af8eb42d56 -> 
========================================================================
Received Import Request.
  Time since last request: 765.518244 seconds.
  path: Assets/Prefabs/DiamondPickable.prefab
  artifactKey: Guid(e295c76b0c5e7f04fa37ad9fc82ab226) Importer(815301076,1909f56bfc062723c751e8b465ee728b)
Start importing Assets/Prefabs/DiamondPickable.prefab using Guid(e295c76b0c5e7f04fa37ad9fc82ab226) Importer(815301076,1909f56bfc062723c751e8b465ee728b)  -> (artifact id: 'fef28959ef8f7560ae289edd73ddc42a') in 0.111709 seconds 
========================================================================
Received Prepare
Registering precompiled user dll's ...
Registered in 0.009113 seconds.
Begin MonoManager ReloadAssembly
Symbol file LoadedFromMemory doesn't match image D:\code-work\unity-projects\personal\unity-2d\dungeon-escape\Library\PackageCache\com.unity.visualscripting@1.7.6\Editor\VisualScripting.Core\Dependencies\YamlDotNet\Unity.VisualScripting.YamlDotNet.dll
Symbol file LoadedFromMemory is not a mono symbol file
Symbol file LoadedFromMemory doesn't match image D:\code-work\unity-projects\personal\unity-2d\dungeon-escape\Library\PackageCache\com.unity.visualscripting@1.7.6\Editor\VisualScripting.Core\Dependencies\DotNetZip\Unity.VisualScripting.IonicZip.dll
Native extension for WindowsStandalone target not found
Native extension for Android target not found
Native extension for WebGL target not found
Refreshing native plugins compatible for Editor in 1.19 ms, found 4 plugins.
Preloading 0 native plugins for Editor in 0.00 ms.
Mono: successfully reloaded assembly
- Completed reload, in  2.213 seconds
Domain Reload Profiling:
	ReloadAssembly (2214ms)
		BeginReloadAssembly (303ms)
			ExecutionOrderSort (0ms)
			DisableScriptedObjects (13ms)
			BackupInstance (0ms)
			ReleaseScriptingObjects (0ms)
			CreateAndSetChildDomain (83ms)
		EndReloadAssembly (1701ms)
			LoadAssemblies (231ms)
			RebuildTransferFunctionScriptingTraits (0ms)
			SetupTypeCache (549ms)
			ReleaseScriptCaches (2ms)
			RebuildScriptCaches (155ms)
			SetupLoadedEditorAssemblies (681ms)
				LogAssemblyErrors (0ms)
				InitializePlatformSupportModulesInManaged (45ms)
				SetLoadedEditorAssemblies (1ms)
				RefreshPlugins (1ms)
				BeforeProcessingInitializeOnLoad (131ms)
				ProcessInitializeOnLoadAttributes (427ms)
				ProcessInitializeOnLoadMethodAttributes (62ms)
				AfterProcessingInitializeOnLoad (13ms)
				EditorAssembliesLoaded (0ms)
			ExecutionOrderSort2 (0ms)
			AwakeInstancesAfterBackupRestoration (13ms)
Platform modules already initialized, skipping
Refreshing native plugins compatible for Editor in 3.46 ms, found 4 plugins.
Preloading 0 native plugins for Editor in 0.00 ms.
Unloading 4069 Unused Serialized files (Serialized files now loaded: 0)
Unloading 30 unused Assets / (301.6 KB). Loaded Objects now: 4642.
Memory consumption went from 158.3 MB to 158.0 MB.
Total: 5.391700 ms (FindLiveObjects: 0.453500 ms CreateObjectMapping: 0.293200 ms MarkObjects: 4.306400 ms  DeleteObjects: 0.337200 ms)

AssetImportParameters requested are different than current active one (requested -> active):
  custom:video-decoder-ogg-theora: a1e56fd34408186e4bbccfd4996cb3dc -> 
  custom:container-muxer-webm: aa71ff27fc2769a1b78a27578f13a17b -> 
  custom:container-demuxer-webm: 4f35f7cbe854078d1ac9338744f61a02 -> 
  custom:video-encoder-webm-vp8: eb34c28f22e8b96e1ab97ce403110664 -> 
  custom:audio-encoder-webm-vorbis: bf7c407c2cedff20999df2af8eb42d56 -> 
  custom:framework-win-MediaFoundation: 216162199b28c13a410421893ffa2e32 -> 
  custom:container-demuxer-ogg: 62fdf1f143b41e24485cea50d1cbac27 -> 
  custom:video-decoder-webm-vp8: 9c59270c3fd7afecdb556c50c9e8de78 -> 
  custom:audio-decoder-ogg-vorbis: bf7c407c2cedff20999df2af8eb42d56 -> 
